OkPacket {
  fieldCount: 0,
  affectedRows: 1,
  insertId: 0,
  serverStatus: 2,
  warningCount: 0,
  message: '(Rows matched: 1  Changed: 1  Warnings: 0',
  protocol41: true,
  changedRows: 1 }
OkPacket {
  fieldCount: 0,
  affectedRows: 1,
  insertId: 0,
  serverStatus: 2,
  warningCount: 0,
  message: '(Rows matched: 1  Changed: 1  Warnings: 0',
  protocol41: true,
  changedRows: 1 }
OkPacket {
  fieldCount: 0,
  affectedRows: 1,
  insertId: 0,
  serverStatus: 2,
  warningCount: 0,
  message: '(Rows matched: 1  Changed: 1  Warnings: 0',
  protocol41: true,
  changedRows: 1 }
2019-11-19 18:06:27,006 ERROR 7422 [app_worker] receive disconnect event in cluster fork mode, exitedAfterDisconnect:false
2019-11-19 18:06:27,006 ERROR 7424 [app_worker] receive disconnect event in cluster fork mode, exitedAfterDisconnect:false
2019-11-19 18:06:27,006 ERROR 7423 [app_worker] receive disconnect event in cluster fork mode, exitedAfterDisconnect:false
2019-11-19 18:06:27,008 ERROR 7420 [agent_worker] receive disconnect event on child_process fork mode, exiting with code:110
2019-11-19 18:06:27,008 ERROR 7421 [app_worker] receive disconnect event in cluster fork mode, exitedAfterDisconnect:false
2019-11-19 18:06:27,015 ERROR 7420 [agent_worker] exit with code:110
