2019-11-19 17:02:44,182 INFO 7325 [master] =================== egg start =====================
2019-11-19 17:02:44,186 INFO 7325 [master] node version v11.12.0
2019-11-19 17:02:44,186 INFO 7325 [master] egg version 2.23.0
2019-11-19 17:02:44,186 INFO 7325 [master] start with options:
{
  "framework": "/Users/mac/egg-restapi-module-tool/node_modules/egg",
  "baseDir": "/Users/mac/egg-restapi-module-tool",
  "workers": 4,
  "plugins": null,
  "https": false
}
2019-11-19 17:02:44,186 INFO 7325 [master] start with env: isProduction: true, EGG_SERVER_ENV: prod, NODE_ENV: undefined
2019-11-19 17:02:44,204 INFO 7325 [master] agent_worker#1:7420 start with clusterPort:58593
2019-11-19 17:02:45,226 INFO 7420 [egg:logger] init all loggers with options: {"dir":"/Users/mac/logs/egg-restapi-module-tool","encoding":"utf8","env":"prod","level":"INFO","consoleLevel":"INFO","disableConsoleAfterReady":true,"outputJSON":false,"buffer":true,"appLogName":"egg-restapi-module-tool-web.log","coreLogName":"egg-web.log","agentLogName":"egg-agent.log","errorLogName":"common-error.log","coreLogger":{},"allowDebugAtProd":false,"type":"agent"}
2019-11-19 17:02:45,250 INFO 7420 [egg:core] dump config after load, 12ms
2019-11-19 17:02:45,343 INFO 7420 [egg-watcher:agent] watcher start success
2019-11-19 17:02:45,346 WARN 7420 [egg-watcher] defaultEventSource watcher will NOT take effect
2019-11-19 17:02:45,351 INFO 7325 [master] agent_worker#1:7420 started (1157ms)
2019-11-19 17:02:45,352 INFO 7325 [master] start appWorker with args ["{\"framework\":\"/Users/mac/egg-restapi-module-tool/node_modules/egg\",\"baseDir\":\"/Users/mac/egg-restapi-module-tool\",\"workers\":4,\"plugins\":null,\"https\":false,\"clusterPort\":58593}"]
2019-11-19 17:02:45,391 INFO 7325 [master] app_worker#1:7421 start, state: none, current workers: ["1","2","3","4"]
2019-11-19 17:02:45,391 INFO 7325 [master] app_worker#2:7422 start, state: none, current workers: ["1","2","3","4"]
2019-11-19 17:02:45,391 INFO 7325 [master] app_worker#3:7423 start, state: none, current workers: ["1","2","3","4"]
2019-11-19 17:02:45,391 INFO 7325 [master] app_worker#4:7424 start, state: none, current workers: ["1","2","3","4"]
2019-11-19 17:02:48,335 INFO 7422 [egg:logger] init all loggers with options: {"dir":"/Users/mac/logs/egg-restapi-module-tool","encoding":"utf8","env":"prod","level":"INFO","consoleLevel":"INFO","disableConsoleAfterReady":true,"outputJSON":false,"buffer":true,"appLogName":"egg-restapi-module-tool-web.log","coreLogName":"egg-web.log","agentLogName":"egg-agent.log","errorLogName":"common-error.log","coreLogger":{},"allowDebugAtProd":false,"type":"application"}
2019-11-19 17:02:48,363 INFO 7423 [egg:logger] init all loggers with options: {"dir":"/Users/mac/logs/egg-restapi-module-tool","encoding":"utf8","env":"prod","level":"INFO","consoleLevel":"INFO","disableConsoleAfterReady":true,"outputJSON":false,"buffer":true,"appLogName":"egg-restapi-module-tool-web.log","coreLogName":"egg-web.log","agentLogName":"egg-agent.log","errorLogName":"common-error.log","coreLogger":{},"allowDebugAtProd":false,"type":"application"}
2019-11-19 17:02:48,408 INFO 7421 [egg:logger] init all loggers with options: {"dir":"/Users/mac/logs/egg-restapi-module-tool","encoding":"utf8","env":"prod","level":"INFO","consoleLevel":"INFO","disableConsoleAfterReady":true,"outputJSON":false,"buffer":true,"appLogName":"egg-restapi-module-tool-web.log","coreLogName":"egg-web.log","agentLogName":"egg-agent.log","errorLogName":"common-error.log","coreLogger":{},"allowDebugAtProd":false,"type":"application"}
2019-11-19 17:02:48,472 INFO 7424 [egg:logger] init all loggers with options: {"dir":"/Users/mac/logs/egg-restapi-module-tool","encoding":"utf8","env":"prod","level":"INFO","consoleLevel":"INFO","disableConsoleAfterReady":true,"outputJSON":false,"buffer":true,"appLogName":"egg-restapi-module-tool-web.log","coreLogName":"egg-web.log","agentLogName":"egg-agent.log","errorLogName":"common-error.log","coreLogger":{},"allowDebugAtProd":false,"type":"application"}
2019-11-19 17:02:48,480 INFO 7422 [egg-mysql] connecting root@localhost:3306/guess_sport
2019-11-19 17:02:48,496 INFO 7423 [egg-mysql] connecting root@localhost:3306/guess_sport
2019-11-19 17:02:48,619 INFO 7421 [egg-mysql] connecting root@localhost:3306/guess_sport
2019-11-19 17:02:48,691 INFO 7424 [egg-mysql] connecting root@localhost:3306/guess_sport
2019-11-19 17:02:48,726 INFO 7422 [egg-oauth2-server] egg-oauth2-server begin start
2019-11-19 17:02:48,730 INFO 7422 [egg-oauth2-server] egg-oauth2-server started use 2 ms
2019-11-19 17:02:48,740 INFO 7423 [egg-oauth2-server] egg-oauth2-server begin start
2019-11-19 17:02:48,744 INFO 7423 [egg-oauth2-server] egg-oauth2-server started use 3 ms
2019-11-19 17:02:48,793 INFO 7421 [egg-oauth2-server] egg-oauth2-server begin start
2019-11-19 17:02:48,805 INFO 7421 [egg-oauth2-server] egg-oauth2-server started use 12 ms
2019-11-19 17:02:48,862 INFO 7424 [egg-oauth2-server] egg-oauth2-server begin start
2019-11-19 17:02:48,866 INFO 7424 [egg-oauth2-server] egg-oauth2-server started use 3 ms
2019-11-19 17:02:48,913 INFO 7422 [egg-static] starting static serve /public/ -> /Users/mac/egg-restapi-module-tool/app/public
2019-11-19 17:02:48,938 WARN 7422 [egg-security] Please set `match` or `ignore` on sub config
2019-11-19 17:02:48,939 INFO 7422 [egg-security] use noopen middleware
2019-11-19 17:02:48,940 INFO 7422 [egg-security] use nosniff middleware
2019-11-19 17:02:48,940 INFO 7422 [egg-security] use xssProtection middleware
2019-11-19 17:02:48,941 INFO 7422 [egg-security] use xframe middleware
2019-11-19 17:02:48,942 INFO 7422 [egg-security] use dta middleware
2019-11-19 17:02:48,942 INFO 7422 [egg-security] compose 5 middlewares into one security middleware
2019-11-19 17:02:48,943 INFO 7423 [egg-static] starting static serve /public/ -> /Users/mac/egg-restapi-module-tool/app/public
2019-11-19 17:02:48,952 WARN 7423 [egg-security] Please set `match` or `ignore` on sub config
2019-11-19 17:02:48,953 INFO 7423 [egg-security] use noopen middleware
2019-11-19 17:02:48,954 INFO 7423 [egg-security] use nosniff middleware
2019-11-19 17:02:48,954 INFO 7423 [egg-security] use xssProtection middleware
2019-11-19 17:02:48,955 INFO 7423 [egg-security] use xframe middleware
2019-11-19 17:02:48,956 INFO 7423 [egg-security] use dta middleware
2019-11-19 17:02:48,956 INFO 7423 [egg-security] compose 5 middlewares into one security middleware
2019-11-19 17:02:49,023 INFO 7422 [egg:core] dump config after load, 38ms
2019-11-19 17:02:49,023 INFO 7421 [egg-static] starting static serve /public/ -> /Users/mac/egg-restapi-module-tool/app/public
2019-11-19 17:02:49,034 WARN 7421 [egg-security] Please set `match` or `ignore` on sub config
2019-11-19 17:02:49,035 INFO 7421 [egg-security] use noopen middleware
2019-11-19 17:02:49,036 INFO 7421 [egg-security] use nosniff middleware
2019-11-19 17:02:49,037 INFO 7421 [egg-security] use xssProtection middleware
2019-11-19 17:02:49,038 INFO 7421 [egg-security] use xframe middleware
2019-11-19 17:02:49,038 INFO 7421 [egg-security] use dta middleware
2019-11-19 17:02:49,039 INFO 7421 [egg-security] compose 5 middlewares into one security middleware
2019-11-19 17:02:49,071 INFO 7423 [egg:core] dump config after load, 78ms
2019-11-19 17:02:49,106 INFO 7424 [egg-static] starting static serve /public/ -> /Users/mac/egg-restapi-module-tool/app/public
2019-11-19 17:02:49,112 WARN 7424 [egg-security] Please set `match` or `ignore` on sub config
2019-11-19 17:02:49,121 INFO 7424 [egg-security] use noopen middleware
2019-11-19 17:02:49,122 INFO 7424 [egg-security] use nosniff middleware
2019-11-19 17:02:49,123 INFO 7424 [egg-security] use xssProtection middleware
2019-11-19 17:02:49,124 INFO 7424 [egg-security] use xframe middleware
2019-11-19 17:02:49,125 INFO 7424 [egg-security] use dta middleware
2019-11-19 17:02:49,125 INFO 7424 [egg-security] compose 5 middlewares into one security middleware
2019-11-19 17:02:49,163 INFO 7421 [egg:core] dump config after load, 25ms
2019-11-19 17:02:49,188 INFO 7422 [egg-watcher:application] watcher start success
2019-11-19 17:02:49,199 INFO 7422 [egg-mysql] instance[0] status OK, rds currentTime: Tue Nov 19 2019 17:02:49 GMT+0800 (GMT+08:00)
2019-11-19 17:02:49,244 INFO 7423 [egg-watcher:application] watcher start success
2019-11-19 17:02:49,276 INFO 7423 [egg-mysql] instance[0] status OK, rds currentTime: Tue Nov 19 2019 17:02:49 GMT+0800 (GMT+08:00)
2019-11-19 17:02:49,284 INFO 7424 [egg:core] dump config after load, 51ms
2019-11-19 17:02:49,304 INFO 7421 [egg-watcher:application] watcher start success
2019-11-19 17:02:49,341 INFO 7421 [egg-mysql] instance[0] status OK, rds currentTime: Tue Nov 19 2019 17:02:49 GMT+0800 (GMT+08:00)
2019-11-19 17:02:49,390 INFO 7325 [master] app_worker#2:7422 started at 7001, remain 3 (4039ms)
2019-11-19 17:02:49,416 INFO 7325 [master] app_worker#3:7423 started at 7001, remain 2 (4065ms)
2019-11-19 17:02:49,449 INFO 7424 [egg-watcher:application] watcher start success
2019-11-19 17:02:49,455 INFO 7424 [egg-mysql] instance[0] status OK, rds currentTime: Tue Nov 19 2019 17:02:49 GMT+0800 (GMT+08:00)
2019-11-19 17:02:49,460 INFO 7325 [master] app_worker#1:7421 started at 7001, remain 1 (4109ms)
2019-11-19 17:02:49,485 INFO 7325 [master] app_worker#4:7424 started at 7001, remain 0 (4134ms)
2019-11-19 17:02:49,486 INFO 7325 [master] egg started on http://127.0.0.1:7001 (5300ms)
UserController authorize
admin
RowDataPacket {
  uid: 1,
  name: 'admin',
  pass: '202cb962ac59075b964b07152d234b70',
  status: 0,
  time: null,
  accessToken: '16e28dc4b7795580b9b0be5b88a55da4ecd32abf',
  expires: '2019-11-19 18:02:53.947',
  clientId: 'eggClient' }
UserController authorize
admin
RowDataPacket {
  uid: 1,
  name: 'admin',
  pass: '202cb962ac59075b964b07152d234b70',
  status: 0,
  time: null,
  accessToken: '94a4f814c1721bb0d380f083f21b9bb7322746d4',
  expires: '2019-11-19 18:03:11.002',
  clientId: 'eggClient' }
