2019-10-25 20:12:35,581 ERROR 13115 nodejs.ClusterClientNoResponseError: client no response in 7210203ms exceeding maxIdleTime 60000ms, maybe the connection is close on other side.
    at Timeout.Leader._heartbeatTimer.setInterval [as _onTimeout] (/Users/mac/egg-restapi-module-tool/node_modules/cluster-client/lib/leader.js:77:23)
    at listOnTimeout (timers.js:327:15)
    at processTimers (timers.js:271:5)
name: "ClusterClientNoResponseError"
pid: 13115
hostname: macdeMacBook-Pro.local

2019-10-25 22:13:27,579 ERROR 13115 nodejs.ClusterClientNoResponseError: client no response in 7210540ms exceeding maxIdleTime 60000ms, maybe the connection is close on other side.
    at Timeout.Leader._heartbeatTimer.setInterval [as _onTimeout] (/Users/mac/egg-restapi-module-tool/node_modules/cluster-client/lib/leader.js:77:23)
    at listOnTimeout (timers.js:327:15)
    at processTimers (timers.js:271:5)
name: "ClusterClientNoResponseError"
pid: 13115
hostname: macdeMacBook-Pro.local

2019-10-26 00:14:20,580 ERROR 13115 nodejs.ClusterClientNoResponseError: client no response in 7210701ms exceeding maxIdleTime 60000ms, maybe the connection is close on other side.
    at Timeout.Leader._heartbeatTimer.setInterval [as _onTimeout] (/Users/mac/egg-restapi-module-tool/node_modules/cluster-client/lib/leader.js:77:23)
    at listOnTimeout (timers.js:327:15)
    at processTimers (timers.js:271:5)
name: "ClusterClientNoResponseError"
pid: 13115
hostname: macdeMacBook-Pro.local

2019-10-26 02:15:12,575 ERROR 13115 nodejs.ClusterClientNoResponseError: client no response in 7209929ms exceeding maxIdleTime 60000ms, maybe the connection is close on other side.
    at Timeout.Leader._heartbeatTimer.setInterval [as _onTimeout] (/Users/mac/egg-restapi-module-tool/node_modules/cluster-client/lib/leader.js:77:23)
    at listOnTimeout (timers.js:327:15)
    at processTimers (timers.js:271:5)
name: "ClusterClientNoResponseError"
pid: 13115
hostname: macdeMacBook-Pro.local

2019-10-26 04:16:04,574 ERROR 13115 nodejs.ClusterClientNoResponseError: client no response in 7210144ms exceeding maxIdleTime 60000ms, maybe the connection is close on other side.
    at Timeout.Leader._heartbeatTimer.setInterval [as _onTimeout] (/Users/mac/egg-restapi-module-tool/node_modules/cluster-client/lib/leader.js:77:23)
    at listOnTimeout (timers.js:327:15)
    at processTimers (timers.js:271:5)
name: "ClusterClientNoResponseError"
pid: 13115
hostname: macdeMacBook-Pro.local

2019-10-26 06:16:57,578 ERROR 13115 nodejs.ClusterClientNoResponseError: client no response in 7210382ms exceeding maxIdleTime 60000ms, maybe the connection is close on other side.
    at Timeout.Leader._heartbeatTimer.setInterval [as _onTimeout] (/Users/mac/egg-restapi-module-tool/node_modules/cluster-client/lib/leader.js:77:23)
    at listOnTimeout (timers.js:327:15)
    at processTimers (timers.js:271:5)
name: "ClusterClientNoResponseError"
pid: 13115
hostname: macdeMacBook-Pro.local

2019-10-26 08:17:50,578 ERROR 13115 nodejs.ClusterClientNoResponseError: client no response in 7210565ms exceeding maxIdleTime 60000ms, maybe the connection is close on other side.
    at Timeout.Leader._heartbeatTimer.setInterval [as _onTimeout] (/Users/mac/egg-restapi-module-tool/node_modules/cluster-client/lib/leader.js:77:23)
    at listOnTimeout (timers.js:327:15)
    at processTimers (timers.js:271:5)
name: "ClusterClientNoResponseError"
pid: 13115
hostname: macdeMacBook-Pro.local

2019-10-26 09:39:32,583 ERROR 13115 nodejs.ClusterClientNoResponseError: client no response in 4860790ms exceeding maxIdleTime 60000ms, maybe the connection is close on other side.
    at Timeout.Leader._heartbeatTimer.setInterval [as _onTimeout] (/Users/mac/egg-restapi-module-tool/node_modules/cluster-client/lib/leader.js:77:23)
    at listOnTimeout (timers.js:327:15)
    at processTimers (timers.js:271:5)
name: "ClusterClientNoResponseError"
pid: 13115
hostname: macdeMacBook-Pro.local

2019-11-12 12:57:58,930 ERROR 961 nodejs.ClusterClientNoResponseError: client no response in 1734958ms exceeding maxIdleTime 60000ms, maybe the connection is close on other side.
    at Timeout.Leader._heartbeatTimer.setInterval [as _onTimeout] (/Users/mac/egg-restapi-module-tool/node_modules/cluster-client/lib/leader.js:77:23)
    at listOnTimeout (timers.js:327:15)
    at processTimers (timers.js:271:5)
name: "ClusterClientNoResponseError"
pid: 961
hostname: macdeMacBook-Pro.local

2019-11-12 13:59:49,870 ERROR 961 nodejs.ClusterClientNoResponseError: client no response in 3670958ms exceeding maxIdleTime 60000ms, maybe the connection is close on other side.
    at Timeout.Leader._heartbeatTimer.setInterval [as _onTimeout] (/Users/mac/egg-restapi-module-tool/node_modules/cluster-client/lib/leader.js:77:23)
    at listOnTimeout (timers.js:327:15)
    at processTimers (timers.js:271:5)
name: "ClusterClientNoResponseError"
pid: 961
hostname: macdeMacBook-Pro.local

2019-11-12 19:06:05,497 ERROR 961 nodejs.ClusterClientNoResponseError: client no response in 3048001ms exceeding maxIdleTime 60000ms, maybe the connection is close on other side.
    at Timeout.Leader._heartbeatTimer.setInterval [as _onTimeout] (/Users/mac/egg-restapi-module-tool/node_modules/cluster-client/lib/leader.js:77:23)
    at listOnTimeout (timers.js:327:15)
    at processTimers (timers.js:271:5)
name: "ClusterClientNoResponseError"
pid: 961
hostname: macdeMacBook-Pro.local

2019-11-12 21:08:48,494 ERROR 961 nodejs.ClusterClientNoResponseError: client no response in 7202944ms exceeding maxIdleTime 60000ms, maybe the connection is close on other side.
    at Timeout.Leader._heartbeatTimer.setInterval [as _onTimeout] (/Users/mac/egg-restapi-module-tool/node_modules/cluster-client/lib/leader.js:77:23)
    at listOnTimeout (timers.js:327:15)
    at processTimers (timers.js:271:5)
name: "ClusterClientNoResponseError"
pid: 961
hostname: macdeMacBook-Pro.local

2019-11-12 23:09:34,479 ERROR 961 nodejs.ClusterClientNoResponseError: client no response in 7205943ms exceeding maxIdleTime 60000ms, maybe the connection is close on other side.
    at Timeout.Leader._heartbeatTimer.setInterval [as _onTimeout] (/Users/mac/egg-restapi-module-tool/node_modules/cluster-client/lib/leader.js:77:23)
    at listOnTimeout (timers.js:327:15)
    at processTimers (timers.js:271:5)
name: "ClusterClientNoResponseError"
pid: 961
hostname: macdeMacBook-Pro.local

2019-11-13 01:10:20,489 ERROR 961 nodejs.ClusterClientNoResponseError: client no response in 7205973ms exceeding maxIdleTime 60000ms, maybe the connection is close on other side.
    at Timeout.Leader._heartbeatTimer.setInterval [as _onTimeout] (/Users/mac/egg-restapi-module-tool/node_modules/cluster-client/lib/leader.js:77:23)
    at listOnTimeout (timers.js:327:15)
    at processTimers (timers.js:271:5)
name: "ClusterClientNoResponseError"
pid: 961
hostname: macdeMacBook-Pro.local

2019-11-13 03:11:06,473 ERROR 961 nodejs.ClusterClientNoResponseError: client no response in 7205945ms exceeding maxIdleTime 60000ms, maybe the connection is close on other side.
    at Timeout.Leader._heartbeatTimer.setInterval [as _onTimeout] (/Users/mac/egg-restapi-module-tool/node_modules/cluster-client/lib/leader.js:77:23)
    at listOnTimeout (timers.js:327:15)
    at processTimers (timers.js:271:5)
name: "ClusterClientNoResponseError"
pid: 961
hostname: macdeMacBook-Pro.local

2019-11-13 05:11:52,474 ERROR 961 nodejs.ClusterClientNoResponseError: client no response in 7205965ms exceeding maxIdleTime 60000ms, maybe the connection is close on other side.
    at Timeout.Leader._heartbeatTimer.setInterval [as _onTimeout] (/Users/mac/egg-restapi-module-tool/node_modules/cluster-client/lib/leader.js:77:23)
    at listOnTimeout (timers.js:327:15)
    at processTimers (timers.js:271:5)
name: "ClusterClientNoResponseError"
pid: 961
hostname: macdeMacBook-Pro.local

2019-11-13 07:12:38,472 ERROR 961 nodejs.ClusterClientNoResponseError: client no response in 7205969ms exceeding maxIdleTime 60000ms, maybe the connection is close on other side.
    at Timeout.Leader._heartbeatTimer.setInterval [as _onTimeout] (/Users/mac/egg-restapi-module-tool/node_modules/cluster-client/lib/leader.js:77:23)
    at listOnTimeout (timers.js:327:15)
    at processTimers (timers.js:271:5)
name: "ClusterClientNoResponseError"
pid: 961
hostname: macdeMacBook-Pro.local

2019-11-13 09:13:24,469 ERROR 961 nodejs.ClusterClientNoResponseError: client no response in 7205969ms exceeding maxIdleTime 60000ms, maybe the connection is close on other side.
    at Timeout.Leader._heartbeatTimer.setInterval [as _onTimeout] (/Users/mac/egg-restapi-module-tool/node_modules/cluster-client/lib/leader.js:77:23)
    at listOnTimeout (timers.js:327:15)
    at processTimers (timers.js:271:5)
name: "ClusterClientNoResponseError"
pid: 961
hostname: macdeMacBook-Pro.local

2019-11-13 11:14:11,465 ERROR 961 nodejs.ClusterClientNoResponseError: client no response in 7206955ms exceeding maxIdleTime 60000ms, maybe the connection is close on other side.
    at Timeout.Leader._heartbeatTimer.setInterval [as _onTimeout] (/Users/mac/egg-restapi-module-tool/node_modules/cluster-client/lib/leader.js:77:23)
    at listOnTimeout (timers.js:327:15)
    at processTimers (timers.js:271:5)
name: "ClusterClientNoResponseError"
pid: 961
hostname: macdeMacBook-Pro.local

2019-11-13 13:14:57,464 ERROR 961 nodejs.ClusterClientNoResponseError: client no response in 7205961ms exceeding maxIdleTime 60000ms, maybe the connection is close on other side.
    at Timeout.Leader._heartbeatTimer.setInterval [as _onTimeout] (/Users/mac/egg-restapi-module-tool/node_modules/cluster-client/lib/leader.js:77:23)
    at listOnTimeout (timers.js:327:15)
    at processTimers (timers.js:271:5)
name: "ClusterClientNoResponseError"
pid: 961
hostname: macdeMacBook-Pro.local

2019-11-13 14:52:32,464 ERROR 961 nodejs.ClusterClientNoResponseError: client no response in 5814968ms exceeding maxIdleTime 60000ms, maybe the connection is close on other side.
    at Timeout.Leader._heartbeatTimer.setInterval [as _onTimeout] (/Users/mac/egg-restapi-module-tool/node_modules/cluster-client/lib/leader.js:77:23)
    at listOnTimeout (timers.js:327:15)
    at processTimers (timers.js:271:5)
name: "ClusterClientNoResponseError"
pid: 961
hostname: macdeMacBook-Pro.local

2019-11-13 14:53:59,471 ERROR 961 nodejs.ClusterClientNoResponseError: client no response in 68540ms exceeding maxIdleTime 60000ms, maybe the connection is close on other side.
    at Timeout.Leader._heartbeatTimer.setInterval [as _onTimeout] (/Users/mac/egg-restapi-module-tool/node_modules/cluster-client/lib/leader.js:77:23)
    at listOnTimeout (timers.js:327:15)
    at processTimers (timers.js:271:5)
name: "ClusterClientNoResponseError"
pid: 961
hostname: macdeMacBook-Pro.local

2019-11-13 15:04:46,478 ERROR 961 nodejs.ClusterClientNoResponseError: client no response in 206906ms exceeding maxIdleTime 60000ms, maybe the connection is close on other side.
    at Timeout.Leader._heartbeatTimer.setInterval [as _onTimeout] (/Users/mac/egg-restapi-module-tool/node_modules/cluster-client/lib/leader.js:77:23)
    at listOnTimeout (timers.js:327:15)
    at processTimers (timers.js:271:5)
name: "ClusterClientNoResponseError"
pid: 961
hostname: macdeMacBook-Pro.local

2019-11-13 16:20:58,446 ERROR 961 nodejs.ClusterClientNoResponseError: client no response in 4551932ms exceeding maxIdleTime 60000ms, maybe the connection is close on other side.
    at Timeout.Leader._heartbeatTimer.setInterval [as _onTimeout] (/Users/mac/egg-restapi-module-tool/node_modules/cluster-client/lib/leader.js:77:23)
    at listOnTimeout (timers.js:327:15)
    at processTimers (timers.js:271:5)
name: "ClusterClientNoResponseError"
pid: 961
hostname: macdeMacBook-Pro.local

2019-11-14 12:28:19,438 ERROR 961 nodejs.ClusterClientNoResponseError: client no response in 71720894ms exceeding maxIdleTime 60000ms, maybe the connection is close on other side.
    at Timeout.Leader._heartbeatTimer.setInterval [as _onTimeout] (/Users/mac/egg-restapi-module-tool/node_modules/cluster-client/lib/leader.js:77:23)
    at listOnTimeout (timers.js:327:15)
    at processTimers (timers.js:271:5)
name: "ClusterClientNoResponseError"
pid: 961
hostname: macdeMacBook-Pro.local

2019-11-14 14:43:44,434 ERROR 961 nodejs.ClusterClientNoResponseError: client no response in 7826503ms exceeding maxIdleTime 60000ms, maybe the connection is close on other side.
    at Timeout.Leader._heartbeatTimer.setInterval [as _onTimeout] (/Users/mac/egg-restapi-module-tool/node_modules/cluster-client/lib/leader.js:77:23)
    at listOnTimeout (timers.js:327:15)
    at processTimers (timers.js:271:5)
name: "ClusterClientNoResponseError"
pid: 961
hostname: macdeMacBook-Pro.local

2019-11-14 18:09:40,191 ERROR 961 nodejs.ClusterClientNoResponseError: client no response in 2447651ms exceeding maxIdleTime 60000ms, maybe the connection is close on other side.
    at Timeout.Leader._heartbeatTimer.setInterval [as _onTimeout] (/Users/mac/egg-restapi-module-tool/node_modules/cluster-client/lib/leader.js:77:23)
    at listOnTimeout (timers.js:327:15)
    at processTimers (timers.js:271:5)
name: "ClusterClientNoResponseError"
pid: 961
hostname: macdeMacBook-Pro.local

2019-11-14 19:08:03,124 ERROR 961 nodejs.ClusterClientNoResponseError: client no response in 241109ms exceeding maxIdleTime 60000ms, maybe the connection is close on other side.
    at Timeout.Leader._heartbeatTimer.setInterval [as _onTimeout] (/Users/mac/egg-restapi-module-tool/node_modules/cluster-client/lib/leader.js:77:23)
    at listOnTimeout (timers.js:327:15)
    at processTimers (timers.js:271:5)
name: "ClusterClientNoResponseError"
pid: 961
hostname: macdeMacBook-Pro.local

2019-11-14 21:08:49,100 ERROR 961 nodejs.ClusterClientNoResponseError: client no response in 7205957ms exceeding maxIdleTime 60000ms, maybe the connection is close on other side.
    at Timeout.Leader._heartbeatTimer.setInterval [as _onTimeout] (/Users/mac/egg-restapi-module-tool/node_modules/cluster-client/lib/leader.js:77:23)
    at listOnTimeout (timers.js:327:15)
    at processTimers (timers.js:271:5)
name: "ClusterClientNoResponseError"
pid: 961
hostname: macdeMacBook-Pro.local

2019-11-14 23:09:35,088 ERROR 961 nodejs.ClusterClientNoResponseError: client no response in 7205935ms exceeding maxIdleTime 60000ms, maybe the connection is close on other side.
    at Timeout.Leader._heartbeatTimer.setInterval [as _onTimeout] (/Users/mac/egg-restapi-module-tool/node_modules/cluster-client/lib/leader.js:77:23)
    at listOnTimeout (timers.js:327:15)
    at processTimers (timers.js:271:5)
name: "ClusterClientNoResponseError"
pid: 961
hostname: macdeMacBook-Pro.local

2019-11-17 10:20:38,103 ERROR 961 nodejs.ClusterClientNoResponseError: client no response in 213062992ms exceeding maxIdleTime 60000ms, maybe the connection is close on other side.
    at Timeout.Leader._heartbeatTimer.setInterval [as _onTimeout] (/Users/mac/egg-restapi-module-tool/node_modules/cluster-client/lib/leader.js:77:23)
    at listOnTimeout (timers.js:327:15)
    at processTimers (timers.js:271:5)
name: "ClusterClientNoResponseError"
pid: 961
hostname: macdeMacBook-Pro.local

2019-11-18 11:16:28,028 ERROR 90381 nodejs.ClusterClientNoResponseError: client no response in 214246ms exceeding maxIdleTime 60000ms, maybe the connection is close on other side.
    at Timeout.Leader._heartbeatTimer.setInterval [as _onTimeout] (/Users/mac/egg-restapi-module-tool/node_modules/cluster-client/lib/leader.js:77:23)
    at listOnTimeout (timers.js:327:15)
    at processTimers (timers.js:271:5)
name: "ClusterClientNoResponseError"
pid: 90381
hostname: macdeMacBook-Pro.local

2019-11-18 13:58:15,998 ERROR 92576 nodejs.ClusterClientNoResponseError: client no response in 8108798ms exceeding maxIdleTime 60000ms, maybe the connection is close on other side.
    at Timeout.Leader._heartbeatTimer.setInterval [as _onTimeout] (/Users/mac/egg-restapi-module-tool/node_modules/cluster-client/lib/leader.js:77:23)
    at listOnTimeout (timers.js:327:15)
    at processTimers (timers.js:271:5)
name: "ClusterClientNoResponseError"
pid: 92576
hostname: macdeMacBook-Pro.local

2019-11-18 16:28:33,936 ERROR 92576 nodejs.ClusterClientNoResponseError: client no response in 7195521ms exceeding maxIdleTime 60000ms, maybe the connection is close on other side.
    at Timeout.Leader._heartbeatTimer.setInterval [as _onTimeout] (/Users/mac/egg-restapi-module-tool/node_modules/cluster-client/lib/leader.js:77:23)
    at listOnTimeout (timers.js:327:15)
    at processTimers (timers.js:271:5)
name: "ClusterClientNoResponseError"
pid: 92576
hostname: macdeMacBook-Pro.local

2019-11-18 17:18:14,945 ERROR 92576 nodejs.ClusterClientNoResponseError: client no response in 2960977ms exceeding maxIdleTime 60000ms, maybe the connection is close on other side.
    at Timeout.Leader._heartbeatTimer.setInterval [as _onTimeout] (/Users/mac/egg-restapi-module-tool/node_modules/cluster-client/lib/leader.js:77:23)
    at listOnTimeout (timers.js:327:15)
    at processTimers (timers.js:271:5)
name: "ClusterClientNoResponseError"
pid: 92576
hostname: macdeMacBook-Pro.local

2019-11-18 19:48:32,891 ERROR 92576 nodejs.ClusterClientNoResponseError: client no response in 7336126ms exceeding maxIdleTime 60000ms, maybe the connection is close on other side.
    at Timeout.Leader._heartbeatTimer.setInterval [as _onTimeout] (/Users/mac/egg-restapi-module-tool/node_modules/cluster-client/lib/leader.js:77:23)
    at listOnTimeout (timers.js:327:15)
    at processTimers (timers.js:271:5)
name: "ClusterClientNoResponseError"
pid: 92576
hostname: macdeMacBook-Pro.local

2019-11-18 20:41:01,845 ERROR 92576 nodejs.ClusterClientNoResponseError: client no response in 185682ms exceeding maxIdleTime 60000ms, maybe the connection is close on other side.
    at Timeout.Leader._heartbeatTimer.setInterval [as _onTimeout] (/Users/mac/egg-restapi-module-tool/node_modules/cluster-client/lib/leader.js:77:23)
    at listOnTimeout (timers.js:327:15)
    at processTimers (timers.js:271:5)
name: "ClusterClientNoResponseError"
pid: 92576
hostname: macdeMacBook-Pro.local

2019-11-18 22:08:59,807 ERROR 92576 nodejs.ClusterClientNoResponseError: client no response in 3215196ms exceeding maxIdleTime 60000ms, maybe the connection is close on other side.
    at Timeout.Leader._heartbeatTimer.setInterval [as _onTimeout] (/Users/mac/egg-restapi-module-tool/node_modules/cluster-client/lib/leader.js:77:23)
    at listOnTimeout (timers.js:327:15)
    at processTimers (timers.js:271:5)
name: "ClusterClientNoResponseError"
pid: 92576
hostname: macdeMacBook-Pro.local

2019-11-19 05:47:42,812 ERROR 92576 nodejs.ClusterClientNoResponseError: client no response in 27480479ms exceeding maxIdleTime 60000ms, maybe the connection is close on other side.
    at Timeout.Leader._heartbeatTimer.setInterval [as _onTimeout] (/Users/mac/egg-restapi-module-tool/node_modules/cluster-client/lib/leader.js:77:23)
    at listOnTimeout (timers.js:327:15)
    at processTimers (timers.js:271:5)
name: "ClusterClientNoResponseError"
pid: 92576
hostname: macdeMacBook-Pro.local

2019-11-19 08:54:31,785 ERROR 92576 nodejs.ClusterClientNoResponseError: client no response in 10568651ms exceeding maxIdleTime 60000ms, maybe the connection is close on other side.
    at Timeout.Leader._heartbeatTimer.setInterval [as _onTimeout] (/Users/mac/egg-restapi-module-tool/node_modules/cluster-client/lib/leader.js:77:23)
    at listOnTimeout (timers.js:327:15)
    at processTimers (timers.js:271:5)
name: "ClusterClientNoResponseError"
pid: 92576
hostname: macdeMacBook-Pro.local

2019-11-19 10:40:46,717 ERROR 92576 nodejs.ClusterClientNoResponseError: client no response in 3833444ms exceeding maxIdleTime 60000ms, maybe the connection is close on other side.
    at Timeout.Leader._heartbeatTimer.setInterval [as _onTimeout] (/Users/mac/egg-restapi-module-tool/node_modules/cluster-client/lib/leader.js:77:23)
    at listOnTimeout (timers.js:327:15)
    at processTimers (timers.js:271:5)
name: "ClusterClientNoResponseError"
pid: 92576
hostname: macdeMacBook-Pro.local

