2019-12-03 00:00:01,008 INFO 628892 [egg-logrotator] app logger reload: got log-reload message
2019-12-03 09:13:26,936 INFO 635700 [egg:logger] init all loggers with options: {"dir":"D:\\project\\egg-restapi-module-tool\\logs\\egg-restapi-module-tool","encoding":"utf8","env":"local","level":"INFO","consoleLevel":"INFO","disableConsoleAfterReady":false,"outputJSON":false,"buffer":true,"appLogName":"egg-restapi-module-tool-web.log","coreLogName":"egg-web.log","agentLogName":"egg-agent.log","errorLogName":"common-error.log","coreLogger":{"consoleLevel":"WARN"},"allowDebugAtProd":false,"type":"application"}
2019-12-03 09:13:26,965 INFO 635700 [egg-mysql] connecting root@localhost:3306/guess_sport
2019-12-03 09:13:27,019 INFO 635700 [egg-oauth2-server] egg-oauth2-server begin start
2019-12-03 09:13:27,021 INFO 635700 [egg-oauth2-server] egg-oauth2-server started use 2 ms
2019-12-03 09:13:27,321 INFO 635700 [egg-static] starting static serve /public/ -> D:\project\egg-restapi-module-tool\app\public
2019-12-03 09:13:27,323 WARN 635700 [egg-security] Please set `match` or `ignore` on sub config
2019-12-03 09:13:27,348 INFO 635700 [egg-security] use noopen middleware
2019-12-03 09:13:27,349 INFO 635700 [egg-security] use nosniff middleware
2019-12-03 09:13:27,349 INFO 635700 [egg-security] use xssProtection middleware
2019-12-03 09:13:27,350 INFO 635700 [egg-security] use xframe middleware
2019-12-03 09:13:27,350 INFO 635700 [egg-security] use dta middleware
2019-12-03 09:13:27,350 INFO 635700 [egg-security] compose 5 middlewares into one security middleware
2019-12-03 09:13:27,384 INFO 635700 [egg:core] dump config after load, 11ms
2019-12-03 09:13:27,783 INFO 635700 [egg-watcher:application] watcher start success
2019-12-03 09:13:27,789 INFO 635700 [egg-mysql] instance[0] status OK, rds currentTime: Tue Dec 03 2019 09:13:27 GMT+0800 (GMT+08:00)
2019-12-03 09:13:27,800 INFO 635700 [egg:core] dump config after ready, 5ms
2019-12-03 09:13:29,621 INFO 634676 [egg:logger] init all loggers with options: {"dir":"D:\\project\\egg-restapi-module-tool\\logs\\egg-restapi-module-tool","encoding":"utf8","env":"local","level":"INFO","consoleLevel":"INFO","disableConsoleAfterReady":false,"outputJSON":false,"buffer":true,"appLogName":"egg-restapi-module-tool-web.log","coreLogName":"egg-web.log","agentLogName":"egg-agent.log","errorLogName":"common-error.log","coreLogger":{"consoleLevel":"WARN"},"allowDebugAtProd":false,"type":"application"}
2019-12-03 09:13:29,647 INFO 634676 [egg-mysql] connecting root@localhost:3306/guess_sport
2019-12-03 09:13:29,693 INFO 634676 [egg-oauth2-server] egg-oauth2-server begin start
2019-12-03 09:13:29,695 INFO 634676 [egg-oauth2-server] egg-oauth2-server started use 2 ms
2019-12-03 09:13:30,277 INFO 634676 [egg-static] starting static serve /public/ -> D:\project\egg-restapi-module-tool\app\public
2019-12-03 09:13:30,278 WARN 634676 [egg-security] Please set `match` or `ignore` on sub config
2019-12-03 09:13:30,298 INFO 634676 [egg-security] use noopen middleware
2019-12-03 09:13:30,299 INFO 634676 [egg-security] use nosniff middleware
2019-12-03 09:13:30,299 INFO 634676 [egg-security] use xssProtection middleware
2019-12-03 09:13:30,299 INFO 634676 [egg-security] use xframe middleware
2019-12-03 09:13:30,300 INFO 634676 [egg-security] use dta middleware
2019-12-03 09:13:30,300 INFO 634676 [egg-security] compose 5 middlewares into one security middleware
2019-12-03 09:13:30,322 INFO 634676 [egg:core] dump config after load, 5ms
2019-12-03 09:13:30,731 INFO 634676 [egg-watcher:application] watcher start success
2019-12-03 09:13:30,739 INFO 634676 [egg-mysql] instance[0] status OK, rds currentTime: Tue Dec 03 2019 09:13:30 GMT+0800 (GMT+08:00)
2019-12-03 09:13:30,752 INFO 634676 [egg:core] dump config after ready, 6ms
2019-12-03 09:18:43,115 INFO 635908 [egg:logger] init all loggers with options: {"dir":"D:\\project\\egg-restapi-module-tool\\logs\\egg-restapi-module-tool","encoding":"utf8","env":"local","level":"INFO","consoleLevel":"INFO","disableConsoleAfterReady":false,"outputJSON":false,"buffer":true,"appLogName":"egg-restapi-module-tool-web.log","coreLogName":"egg-web.log","agentLogName":"egg-agent.log","errorLogName":"common-error.log","coreLogger":{"consoleLevel":"WARN"},"allowDebugAtProd":false,"type":"application"}
2019-12-03 09:18:43,139 INFO 635908 [egg-mysql] connecting root@localhost:3306/guess_sport
2019-12-03 09:18:43,186 INFO 635908 [egg-oauth2-server] egg-oauth2-server begin start
2019-12-03 09:18:43,188 INFO 635908 [egg-oauth2-server] egg-oauth2-server started use 1 ms
2019-12-03 09:18:43,354 INFO 635908 [egg-static] starting static serve /public/ -> D:\project\egg-restapi-module-tool\app\public
2019-12-03 09:18:43,356 WARN 635908 [egg-security] Please set `match` or `ignore` on sub config
2019-12-03 09:18:43,377 INFO 635908 [egg-security] use noopen middleware
2019-12-03 09:18:43,377 INFO 635908 [egg-security] use nosniff middleware
2019-12-03 09:18:43,378 INFO 635908 [egg-security] use xssProtection middleware
2019-12-03 09:18:43,378 INFO 635908 [egg-security] use xframe middleware
2019-12-03 09:18:43,378 INFO 635908 [egg-security] use dta middleware
2019-12-03 09:18:43,378 INFO 635908 [egg-security] compose 5 middlewares into one security middleware
2019-12-03 09:18:43,405 INFO 635908 [egg:core] dump config after load, 7ms
2019-12-03 09:18:43,965 INFO 635908 [egg-watcher:application] watcher start success
2019-12-03 09:18:43,972 INFO 635908 [egg-mysql] instance[0] status OK, rds currentTime: Tue Dec 03 2019 09:18:43 GMT+0800 (GMT+08:00)
2019-12-03 09:18:43,981 INFO 635908 [egg:core] dump config after ready, 7ms
2019-12-03 09:18:45,240 INFO 636360 [egg:logger] init all loggers with options: {"dir":"D:\\project\\egg-restapi-module-tool\\logs\\egg-restapi-module-tool","encoding":"utf8","env":"local","level":"INFO","consoleLevel":"INFO","disableConsoleAfterReady":false,"outputJSON":false,"buffer":true,"appLogName":"egg-restapi-module-tool-web.log","coreLogName":"egg-web.log","agentLogName":"egg-agent.log","errorLogName":"common-error.log","coreLogger":{"consoleLevel":"WARN"},"allowDebugAtProd":false,"type":"application"}
2019-12-03 09:18:45,266 INFO 636360 [egg-mysql] connecting root@localhost:3306/guess_sport
2019-12-03 09:18:45,316 INFO 636360 [egg-oauth2-server] egg-oauth2-server begin start
2019-12-03 09:18:45,318 INFO 636360 [egg-oauth2-server] egg-oauth2-server started use 2 ms
2019-12-03 09:18:45,586 INFO 636360 [egg-static] starting static serve /public/ -> D:\project\egg-restapi-module-tool\app\public
2019-12-03 09:18:45,587 WARN 636360 [egg-security] Please set `match` or `ignore` on sub config
2019-12-03 09:18:45,614 INFO 636360 [egg-security] use noopen middleware
2019-12-03 09:18:45,614 INFO 636360 [egg-security] use nosniff middleware
2019-12-03 09:18:45,615 INFO 636360 [egg-security] use xssProtection middleware
2019-12-03 09:18:45,615 INFO 636360 [egg-security] use xframe middleware
2019-12-03 09:18:45,615 INFO 636360 [egg-security] use dta middleware
2019-12-03 09:18:45,615 INFO 636360 [egg-security] compose 5 middlewares into one security middleware
2019-12-03 09:18:45,640 INFO 636360 [egg:core] dump config after load, 6ms
2019-12-03 09:18:45,975 INFO 636360 [egg-watcher:application] watcher start success
2019-12-03 09:18:45,978 INFO 636360 [egg-mysql] instance[0] status OK, rds currentTime: Tue Dec 03 2019 09:18:45 GMT+0800 (GMT+08:00)
2019-12-03 09:18:45,993 INFO 636360 [egg:core] dump config after ready, 6ms
2019-12-03 09:20:05,174 INFO 636160 [egg:logger] init all loggers with options: {"dir":"D:\\project\\egg-restapi-module-tool\\logs\\egg-restapi-module-tool","encoding":"utf8","env":"local","level":"INFO","consoleLevel":"INFO","disableConsoleAfterReady":false,"outputJSON":false,"buffer":true,"appLogName":"egg-restapi-module-tool-web.log","coreLogName":"egg-web.log","agentLogName":"egg-agent.log","errorLogName":"common-error.log","coreLogger":{"consoleLevel":"WARN"},"allowDebugAtProd":false,"type":"application"}
2019-12-03 09:20:05,200 INFO 636160 [egg-mysql] connecting root@localhost:3306/guess_sport
2019-12-03 09:20:05,238 INFO 636160 [egg-oauth2-server] egg-oauth2-server begin start
2019-12-03 09:20:05,239 INFO 636160 [egg-oauth2-server] egg-oauth2-server started use 1 ms
2019-12-03 09:20:05,479 INFO 636160 [egg-static] starting static serve /public/ -> D:\project\egg-restapi-module-tool\app\public
2019-12-03 09:20:05,480 WARN 636160 [egg-security] Please set `match` or `ignore` on sub config
2019-12-03 09:20:05,521 INFO 636160 [egg-security] use noopen middleware
2019-12-03 09:20:05,522 INFO 636160 [egg-security] use nosniff middleware
2019-12-03 09:20:05,522 INFO 636160 [egg-security] use xssProtection middleware
2019-12-03 09:20:05,522 INFO 636160 [egg-security] use xframe middleware
2019-12-03 09:20:05,523 INFO 636160 [egg-security] use dta middleware
2019-12-03 09:20:05,523 INFO 636160 [egg-security] compose 5 middlewares into one security middleware
2019-12-03 09:20:05,558 INFO 636160 [egg:core] dump config after load, 7ms
2019-12-03 09:20:05,892 INFO 636160 [egg-watcher:application] watcher start success
2019-12-03 09:20:05,901 INFO 636160 [egg-mysql] instance[0] status OK, rds currentTime: Tue Dec 03 2019 09:20:05 GMT+0800 (GMT+08:00)
2019-12-03 09:20:05,909 INFO 636160 [egg:core] dump config after ready, 5ms
2019-12-03 09:20:07,334 INFO 636300 [egg:logger] init all loggers with options: {"dir":"D:\\project\\egg-restapi-module-tool\\logs\\egg-restapi-module-tool","encoding":"utf8","env":"local","level":"INFO","consoleLevel":"INFO","disableConsoleAfterReady":false,"outputJSON":false,"buffer":true,"appLogName":"egg-restapi-module-tool-web.log","coreLogName":"egg-web.log","agentLogName":"egg-agent.log","errorLogName":"common-error.log","coreLogger":{"consoleLevel":"WARN"},"allowDebugAtProd":false,"type":"application"}
2019-12-03 09:20:07,359 INFO 636300 [egg-mysql] connecting root@localhost:3306/guess_sport
2019-12-03 09:20:07,401 INFO 636300 [egg-oauth2-server] egg-oauth2-server begin start
2019-12-03 09:20:07,403 INFO 636300 [egg-oauth2-server] egg-oauth2-server started use 2 ms
2019-12-03 09:20:08,346 INFO 636300 [egg-static] starting static serve /public/ -> D:\project\egg-restapi-module-tool\app\public
2019-12-03 09:20:08,347 WARN 636300 [egg-security] Please set `match` or `ignore` on sub config
2019-12-03 09:20:08,368 INFO 636300 [egg-security] use noopen middleware
2019-12-03 09:20:08,369 INFO 636300 [egg-security] use nosniff middleware
2019-12-03 09:20:08,369 INFO 636300 [egg-security] use xssProtection middleware
2019-12-03 09:20:08,369 INFO 636300 [egg-security] use xframe middleware
2019-12-03 09:20:08,370 INFO 636300 [egg-security] use dta middleware
2019-12-03 09:20:08,370 INFO 636300 [egg-security] compose 5 middlewares into one security middleware
2019-12-03 09:20:08,396 INFO 636300 [egg:core] dump config after load, 6ms
2019-12-03 09:20:08,847 INFO 636300 [egg-watcher:application] watcher start success
2019-12-03 09:20:08,904 INFO 636300 [egg-mysql] instance[0] status OK, rds currentTime: Tue Dec 03 2019 09:20:08 GMT+0800 (GMT+08:00)
2019-12-03 09:20:08,914 INFO 636300 [egg:core] dump config after ready, 6ms
2019-12-03 09:20:37,678 INFO 631748 [egg:logger] init all loggers with options: {"dir":"D:\\project\\egg-restapi-module-tool\\logs\\egg-restapi-module-tool","encoding":"utf8","env":"local","level":"INFO","consoleLevel":"INFO","disableConsoleAfterReady":false,"outputJSON":false,"buffer":true,"appLogName":"egg-restapi-module-tool-web.log","coreLogName":"egg-web.log","agentLogName":"egg-agent.log","errorLogName":"common-error.log","coreLogger":{"consoleLevel":"WARN"},"allowDebugAtProd":false,"type":"application"}
2019-12-03 09:20:37,704 INFO 631748 [egg-mysql] connecting root@localhost:3306/guess_sport
2019-12-03 09:20:37,750 INFO 631748 [egg-oauth2-server] egg-oauth2-server begin start
2019-12-03 09:20:37,752 INFO 631748 [egg-oauth2-server] egg-oauth2-server started use 2 ms
2019-12-03 09:20:38,053 INFO 631748 [egg-static] starting static serve /public/ -> D:\project\egg-restapi-module-tool\app\public
2019-12-03 09:20:38,054 WARN 631748 [egg-security] Please set `match` or `ignore` on sub config
2019-12-03 09:20:38,144 INFO 631748 [egg-security] use noopen middleware
2019-12-03 09:20:38,144 INFO 631748 [egg-security] use nosniff middleware
2019-12-03 09:20:38,145 INFO 631748 [egg-security] use xssProtection middleware
2019-12-03 09:20:38,145 INFO 631748 [egg-security] use xframe middleware
2019-12-03 09:20:38,145 INFO 631748 [egg-security] use dta middleware
2019-12-03 09:20:38,145 INFO 631748 [egg-security] compose 5 middlewares into one security middleware
2019-12-03 09:20:38,176 INFO 631748 [egg:core] dump config after load, 9ms
2019-12-03 09:20:38,522 INFO 631748 [egg-watcher:application] watcher start success
2019-12-03 09:20:38,525 INFO 631748 [egg-mysql] instance[0] status OK, rds currentTime: Tue Dec 03 2019 09:20:38 GMT+0800 (GMT+08:00)
2019-12-03 09:20:38,543 INFO 631748 [egg:core] dump config after ready, 8ms
2019-12-03 09:20:42,200 INFO 636920 [egg:logger] init all loggers with options: {"dir":"D:\\project\\egg-restapi-module-tool\\logs\\egg-restapi-module-tool","encoding":"utf8","env":"local","level":"INFO","consoleLevel":"INFO","disableConsoleAfterReady":false,"outputJSON":false,"buffer":true,"appLogName":"egg-restapi-module-tool-web.log","coreLogName":"egg-web.log","agentLogName":"egg-agent.log","errorLogName":"common-error.log","coreLogger":{"consoleLevel":"WARN"},"allowDebugAtProd":false,"type":"application"}
2019-12-03 09:20:42,239 INFO 636920 [egg-mysql] connecting root@localhost:3306/guess_sport
2019-12-03 09:20:42,298 INFO 636920 [egg-oauth2-server] egg-oauth2-server begin start
2019-12-03 09:20:42,300 INFO 636920 [egg-oauth2-server] egg-oauth2-server started use 2 ms
2019-12-03 09:20:42,631 INFO 636920 [egg-static] starting static serve /public/ -> D:\project\egg-restapi-module-tool\app\public
2019-12-03 09:20:42,633 WARN 636920 [egg-security] Please set `match` or `ignore` on sub config
2019-12-03 09:20:42,657 INFO 636920 [egg-security] use noopen middleware
2019-12-03 09:20:42,658 INFO 636920 [egg-security] use nosniff middleware
2019-12-03 09:20:42,658 INFO 636920 [egg-security] use xssProtection middleware
2019-12-03 09:20:42,659 INFO 636920 [egg-security] use xframe middleware
2019-12-03 09:20:42,659 INFO 636920 [egg-security] use dta middleware
2019-12-03 09:20:42,659 INFO 636920 [egg-security] compose 5 middlewares into one security middleware
2019-12-03 09:20:42,687 INFO 636920 [egg:core] dump config after load, 8ms
2019-12-03 09:20:43,040 INFO 636920 [egg-watcher:application] watcher start success
2019-12-03 09:20:43,050 INFO 636920 [egg-mysql] instance[0] status OK, rds currentTime: Tue Dec 03 2019 09:20:43 GMT+0800 (GMT+08:00)
2019-12-03 09:20:43,061 INFO 636920 [egg:core] dump config after ready, 6ms
2019-12-03 09:21:06,877 INFO 637044 [egg:logger] init all loggers with options: {"dir":"D:\\project\\egg-restapi-module-tool\\logs\\egg-restapi-module-tool","encoding":"utf8","env":"local","level":"INFO","consoleLevel":"INFO","disableConsoleAfterReady":false,"outputJSON":false,"buffer":true,"appLogName":"egg-restapi-module-tool-web.log","coreLogName":"egg-web.log","agentLogName":"egg-agent.log","errorLogName":"common-error.log","coreLogger":{"consoleLevel":"WARN"},"allowDebugAtProd":false,"type":"application"}
2019-12-03 09:21:06,901 INFO 637044 [egg-mysql] connecting root@localhost:3306/guess_sport
2019-12-03 09:21:06,940 INFO 637044 [egg-oauth2-server] egg-oauth2-server begin start
2019-12-03 09:21:06,941 INFO 637044 [egg-oauth2-server] egg-oauth2-server started use 1 ms
2019-12-03 09:21:07,188 INFO 637044 [egg-static] starting static serve /public/ -> D:\project\egg-restapi-module-tool\app\public
2019-12-03 09:21:07,189 WARN 637044 [egg-security] Please set `match` or `ignore` on sub config
2019-12-03 09:21:07,227 INFO 637044 [egg-security] use noopen middleware
2019-12-03 09:21:07,228 INFO 637044 [egg-security] use nosniff middleware
2019-12-03 09:21:07,228 INFO 637044 [egg-security] use xssProtection middleware
2019-12-03 09:21:07,229 INFO 637044 [egg-security] use xframe middleware
2019-12-03 09:21:07,229 INFO 637044 [egg-security] use dta middleware
2019-12-03 09:21:07,229 INFO 637044 [egg-security] compose 5 middlewares into one security middleware
2019-12-03 09:21:07,254 INFO 637044 [egg:core] dump config after load, 10ms
2019-12-03 09:21:07,605 INFO 637044 [egg-watcher:application] watcher start success
2019-12-03 09:21:07,608 INFO 637044 [egg-mysql] instance[0] status OK, rds currentTime: Tue Dec 03 2019 09:21:07 GMT+0800 (GMT+08:00)
2019-12-03 09:21:07,622 INFO 637044 [egg:core] dump config after ready, 7ms
2019-12-03 09:21:09,035 INFO 637256 [egg:logger] init all loggers with options: {"dir":"D:\\project\\egg-restapi-module-tool\\logs\\egg-restapi-module-tool","encoding":"utf8","env":"local","level":"INFO","consoleLevel":"INFO","disableConsoleAfterReady":false,"outputJSON":false,"buffer":true,"appLogName":"egg-restapi-module-tool-web.log","coreLogName":"egg-web.log","agentLogName":"egg-agent.log","errorLogName":"common-error.log","coreLogger":{"consoleLevel":"WARN"},"allowDebugAtProd":false,"type":"application"}
2019-12-03 09:21:09,059 INFO 637256 [egg-mysql] connecting root@localhost:3306/guess_sport
2019-12-03 09:21:09,106 INFO 637256 [egg-oauth2-server] egg-oauth2-server begin start
2019-12-03 09:21:09,109 INFO 637256 [egg-oauth2-server] egg-oauth2-server started use 3 ms
2019-12-03 09:21:09,362 INFO 637256 [egg-static] starting static serve /public/ -> D:\project\egg-restapi-module-tool\app\public
2019-12-03 09:21:09,363 WARN 637256 [egg-security] Please set `match` or `ignore` on sub config
2019-12-03 09:21:09,387 INFO 637256 [egg-security] use noopen middleware
2019-12-03 09:21:09,388 INFO 637256 [egg-security] use nosniff middleware
2019-12-03 09:21:09,388 INFO 637256 [egg-security] use xssProtection middleware
2019-12-03 09:21:09,388 INFO 637256 [egg-security] use xframe middleware
2019-12-03 09:21:09,389 INFO 637256 [egg-security] use dta middleware
2019-12-03 09:21:09,389 INFO 637256 [egg-security] compose 5 middlewares into one security middleware
2019-12-03 09:21:09,416 INFO 637256 [egg:core] dump config after load, 9ms
2019-12-03 09:21:09,716 INFO 637256 [egg-watcher:application] watcher start success
2019-12-03 09:21:09,721 INFO 637256 [egg-mysql] instance[0] status OK, rds currentTime: Tue Dec 03 2019 09:21:09 GMT+0800 (GMT+08:00)
2019-12-03 09:21:09,733 INFO 637256 [egg:core] dump config after ready, 8ms
2019-12-03 09:25:28,097 INFO 637492 [egg:logger] init all loggers with options: {"dir":"D:\\project\\egg-restapi-module-tool\\logs\\egg-restapi-module-tool","encoding":"utf8","env":"local","level":"INFO","consoleLevel":"INFO","disableConsoleAfterReady":false,"outputJSON":false,"buffer":true,"appLogName":"egg-restapi-module-tool-web.log","coreLogName":"egg-web.log","agentLogName":"egg-agent.log","errorLogName":"common-error.log","coreLogger":{"consoleLevel":"WARN"},"allowDebugAtProd":false,"type":"application"}
2019-12-03 09:25:28,122 INFO 637492 [egg-mysql] connecting root@localhost:3306/guess_sport
2019-12-03 09:25:28,164 INFO 637492 [egg-oauth2-server] egg-oauth2-server begin start
2019-12-03 09:25:28,166 INFO 637492 [egg-oauth2-server] egg-oauth2-server started use 2 ms
2019-12-03 09:25:28,341 INFO 637492 [egg-static] starting static serve /public/ -> D:\project\egg-restapi-module-tool\app\public
2019-12-03 09:25:28,341 WARN 637492 [egg-security] Please set `match` or `ignore` on sub config
2019-12-03 09:25:28,366 INFO 637492 [egg-security] use noopen middleware
2019-12-03 09:25:28,367 INFO 637492 [egg-security] use nosniff middleware
2019-12-03 09:25:28,367 INFO 637492 [egg-security] use xssProtection middleware
2019-12-03 09:25:28,367 INFO 637492 [egg-security] use xframe middleware
2019-12-03 09:25:28,368 INFO 637492 [egg-security] use dta middleware
2019-12-03 09:25:28,368 INFO 637492 [egg-security] compose 5 middlewares into one security middleware
2019-12-03 09:25:28,393 INFO 637492 [egg:core] dump config after load, 6ms
2019-12-03 09:25:28,767 INFO 637492 [egg-watcher:application] watcher start success
2019-12-03 09:25:28,776 INFO 637492 [egg-mysql] instance[0] status OK, rds currentTime: Tue Dec 03 2019 09:25:28 GMT+0800 (GMT+08:00)
2019-12-03 09:25:28,795 INFO 637492 [egg:core] dump config after ready, 6ms
2019-12-03 09:27:57,652 INFO 637320 [egg:logger] init all loggers with options: {"dir":"D:\\project\\egg-restapi-module-tool\\logs\\egg-restapi-module-tool","encoding":"utf8","env":"local","level":"INFO","consoleLevel":"INFO","disableConsoleAfterReady":false,"outputJSON":false,"buffer":true,"appLogName":"egg-restapi-module-tool-web.log","coreLogName":"egg-web.log","agentLogName":"egg-agent.log","errorLogName":"common-error.log","coreLogger":{"consoleLevel":"WARN"},"allowDebugAtProd":false,"type":"application"}
2019-12-03 09:27:57,676 INFO 637320 [egg-mysql] connecting root@localhost:3306/guess_sport
2019-12-03 09:27:57,717 INFO 637320 [egg-oauth2-server] egg-oauth2-server begin start
2019-12-03 09:27:57,718 INFO 637320 [egg-oauth2-server] egg-oauth2-server started use 1 ms
2019-12-03 09:27:58,121 INFO 637320 [egg-static] starting static serve /public/ -> D:\project\egg-restapi-module-tool\app\public
2019-12-03 09:27:58,123 WARN 637320 [egg-security] Please set `match` or `ignore` on sub config
2019-12-03 09:27:58,144 INFO 637320 [egg-security] use noopen middleware
2019-12-03 09:27:58,144 INFO 637320 [egg-security] use nosniff middleware
2019-12-03 09:27:58,145 INFO 637320 [egg-security] use xssProtection middleware
2019-12-03 09:27:58,145 INFO 637320 [egg-security] use xframe middleware
2019-12-03 09:27:58,145 INFO 637320 [egg-security] use dta middleware
2019-12-03 09:27:58,145 INFO 637320 [egg-security] compose 5 middlewares into one security middleware
2019-12-03 09:27:58,173 INFO 637320 [egg:core] dump config after load, 5ms
2019-12-03 09:27:58,415 INFO 637320 [egg-watcher:application] watcher start success
2019-12-03 09:27:58,530 INFO 637320 [egg-mysql] instance[0] status OK, rds currentTime: Tue Dec 03 2019 09:27:58 GMT+0800 (GMT+08:00)
2019-12-03 09:27:58,539 INFO 637320 [egg:core] dump config after ready, 6ms
2019-12-03 09:28:20,857 INFO 636092 [egg:logger] init all loggers with options: {"dir":"D:\\project\\egg-restapi-module-tool\\logs\\egg-restapi-module-tool","encoding":"utf8","env":"local","level":"INFO","consoleLevel":"INFO","disableConsoleAfterReady":false,"outputJSON":false,"buffer":true,"appLogName":"egg-restapi-module-tool-web.log","coreLogName":"egg-web.log","agentLogName":"egg-agent.log","errorLogName":"common-error.log","coreLogger":{"consoleLevel":"WARN"},"allowDebugAtProd":false,"type":"application"}
2019-12-03 09:28:20,883 INFO 636092 [egg-mysql] connecting root@localhost:3306/guess_sport
2019-12-03 09:28:20,924 INFO 636092 [egg-oauth2-server] egg-oauth2-server begin start
2019-12-03 09:28:20,926 INFO 636092 [egg-oauth2-server] egg-oauth2-server started use 2 ms
2019-12-03 09:28:21,392 INFO 636092 [egg-static] starting static serve /public/ -> D:\project\egg-restapi-module-tool\app\public
2019-12-03 09:28:21,394 WARN 636092 [egg-security] Please set `match` or `ignore` on sub config
2019-12-03 09:28:21,419 INFO 636092 [egg-security] use noopen middleware
2019-12-03 09:28:21,419 INFO 636092 [egg-security] use nosniff middleware
2019-12-03 09:28:21,420 INFO 636092 [egg-security] use xssProtection middleware
2019-12-03 09:28:21,420 INFO 636092 [egg-security] use xframe middleware
2019-12-03 09:28:21,420 INFO 636092 [egg-security] use dta middleware
2019-12-03 09:28:21,420 INFO 636092 [egg-security] compose 5 middlewares into one security middleware
2019-12-03 09:28:21,447 INFO 636092 [egg:core] dump config after load, 7ms
2019-12-03 09:28:21,841 INFO 636092 [egg-watcher:application] watcher start success
2019-12-03 09:28:21,848 INFO 636092 [egg-mysql] instance[0] status OK, rds currentTime: Tue Dec 03 2019 09:28:21 GMT+0800 (GMT+08:00)
2019-12-03 09:28:21,859 INFO 636092 [egg:core] dump config after ready, 6ms
2019-12-03 09:28:25,441 INFO 636232 [egg:logger] init all loggers with options: {"dir":"D:\\project\\egg-restapi-module-tool\\logs\\egg-restapi-module-tool","encoding":"utf8","env":"local","level":"INFO","consoleLevel":"INFO","disableConsoleAfterReady":false,"outputJSON":false,"buffer":true,"appLogName":"egg-restapi-module-tool-web.log","coreLogName":"egg-web.log","agentLogName":"egg-agent.log","errorLogName":"common-error.log","coreLogger":{"consoleLevel":"WARN"},"allowDebugAtProd":false,"type":"application"}
2019-12-03 09:28:25,463 INFO 636232 [egg-mysql] connecting root@localhost:3306/guess_sport
2019-12-03 09:28:25,503 INFO 636232 [egg-oauth2-server] egg-oauth2-server begin start
2019-12-03 09:28:25,504 INFO 636232 [egg-oauth2-server] egg-oauth2-server started use 1 ms
2019-12-03 09:28:25,981 INFO 636232 [egg-static] starting static serve /public/ -> D:\project\egg-restapi-module-tool\app\public
2019-12-03 09:28:25,982 WARN 636232 [egg-security] Please set `match` or `ignore` on sub config
2019-12-03 09:28:26,006 INFO 636232 [egg-security] use noopen middleware
2019-12-03 09:28:26,006 INFO 636232 [egg-security] use nosniff middleware
2019-12-03 09:28:26,007 INFO 636232 [egg-security] use xssProtection middleware
2019-12-03 09:28:26,007 INFO 636232 [egg-security] use xframe middleware
2019-12-03 09:28:26,007 INFO 636232 [egg-security] use dta middleware
2019-12-03 09:28:26,007 INFO 636232 [egg-security] compose 5 middlewares into one security middleware
2019-12-03 09:28:26,040 INFO 636232 [egg:core] dump config after load, 9ms
2019-12-03 09:28:26,319 INFO 636232 [egg-watcher:application] watcher start success
2019-12-03 09:28:26,325 INFO 636232 [egg-mysql] instance[0] status OK, rds currentTime: Tue Dec 03 2019 09:28:26 GMT+0800 (GMT+08:00)
2019-12-03 09:28:26,335 INFO 636232 [egg:core] dump config after ready, 7ms
2019-12-03 09:29:53,307 INFO 637576 [egg:logger] init all loggers with options: {"dir":"D:\\project\\egg-restapi-module-tool\\logs\\egg-restapi-module-tool","encoding":"utf8","env":"local","level":"INFO","consoleLevel":"INFO","disableConsoleAfterReady":false,"outputJSON":false,"buffer":true,"appLogName":"egg-restapi-module-tool-web.log","coreLogName":"egg-web.log","agentLogName":"egg-agent.log","errorLogName":"common-error.log","coreLogger":{"consoleLevel":"WARN"},"allowDebugAtProd":false,"type":"application"}
2019-12-03 09:29:53,331 INFO 637576 [egg-mysql] connecting root@localhost:3306/guess_sport
2019-12-03 09:29:53,371 INFO 637576 [egg-oauth2-server] egg-oauth2-server begin start
2019-12-03 09:29:53,373 INFO 637576 [egg-oauth2-server] egg-oauth2-server started use 2 ms
2019-12-03 09:29:53,698 INFO 637576 [egg-static] starting static serve /public/ -> D:\project\egg-restapi-module-tool\app\public
2019-12-03 09:29:53,699 WARN 637576 [egg-security] Please set `match` or `ignore` on sub config
2019-12-03 09:29:53,719 INFO 637576 [egg-security] use noopen middleware
2019-12-03 09:29:53,720 INFO 637576 [egg-security] use nosniff middleware
2019-12-03 09:29:53,720 INFO 637576 [egg-security] use xssProtection middleware
2019-12-03 09:29:53,720 INFO 637576 [egg-security] use xframe middleware
2019-12-03 09:29:53,721 INFO 637576 [egg-security] use dta middleware
2019-12-03 09:29:53,721 INFO 637576 [egg-security] compose 5 middlewares into one security middleware
2019-12-03 09:29:53,743 INFO 637576 [egg:core] dump config after load, 6ms
2019-12-03 09:29:54,020 INFO 637576 [egg-watcher:application] watcher start success
2019-12-03 09:29:54,022 INFO 637576 [egg-mysql] instance[0] status OK, rds currentTime: Tue Dec 03 2019 09:29:54 GMT+0800 (GMT+08:00)
2019-12-03 09:29:54,030 INFO 637576 [egg:core] dump config after ready, 6ms
2019-12-03 09:29:55,159 INFO 637996 [egg:logger] init all loggers with options: {"dir":"D:\\project\\egg-restapi-module-tool\\logs\\egg-restapi-module-tool","encoding":"utf8","env":"local","level":"INFO","consoleLevel":"INFO","disableConsoleAfterReady":false,"outputJSON":false,"buffer":true,"appLogName":"egg-restapi-module-tool-web.log","coreLogName":"egg-web.log","agentLogName":"egg-agent.log","errorLogName":"common-error.log","coreLogger":{"consoleLevel":"WARN"},"allowDebugAtProd":false,"type":"application"}
2019-12-03 09:29:55,182 INFO 637996 [egg-mysql] connecting root@localhost:3306/guess_sport
2019-12-03 09:29:55,226 INFO 637996 [egg-oauth2-server] egg-oauth2-server begin start
2019-12-03 09:29:55,228 INFO 637996 [egg-oauth2-server] egg-oauth2-server started use 2 ms
2019-12-03 09:29:55,389 INFO 637996 [egg-static] starting static serve /public/ -> D:\project\egg-restapi-module-tool\app\public
2019-12-03 09:29:55,390 WARN 637996 [egg-security] Please set `match` or `ignore` on sub config
2019-12-03 09:29:55,409 INFO 637996 [egg-security] use noopen middleware
2019-12-03 09:29:55,410 INFO 637996 [egg-security] use nosniff middleware
2019-12-03 09:29:55,410 INFO 637996 [egg-security] use xssProtection middleware
2019-12-03 09:29:55,410 INFO 637996 [egg-security] use xframe middleware
2019-12-03 09:29:55,411 INFO 637996 [egg-security] use dta middleware
2019-12-03 09:29:55,411 INFO 637996 [egg-security] compose 5 middlewares into one security middleware
2019-12-03 09:29:55,432 INFO 637996 [egg:core] dump config after load, 6ms
2019-12-03 09:29:55,687 INFO 637996 [egg-watcher:application] watcher start success
2019-12-03 09:29:55,750 INFO 637996 [egg-mysql] instance[0] status OK, rds currentTime: Tue Dec 03 2019 09:29:55 GMT+0800 (GMT+08:00)
2019-12-03 09:29:55,757 INFO 637996 [egg:core] dump config after ready, 5ms
2019-12-03 09:30:23,984 INFO 638316 [egg:logger] init all loggers with options: {"dir":"D:\\project\\egg-restapi-module-tool\\logs\\egg-restapi-module-tool","encoding":"utf8","env":"local","level":"INFO","consoleLevel":"INFO","disableConsoleAfterReady":false,"outputJSON":false,"buffer":true,"appLogName":"egg-restapi-module-tool-web.log","coreLogName":"egg-web.log","agentLogName":"egg-agent.log","errorLogName":"common-error.log","coreLogger":{"consoleLevel":"WARN"},"allowDebugAtProd":false,"type":"application"}
2019-12-03 09:30:24,009 INFO 638316 [egg-mysql] connecting root@localhost:3306/guess_sport
2019-12-03 09:30:24,049 INFO 638316 [egg-oauth2-server] egg-oauth2-server begin start
2019-12-03 09:30:24,051 INFO 638316 [egg-oauth2-server] egg-oauth2-server started use 2 ms
2019-12-03 09:30:24,258 INFO 638316 [egg-static] starting static serve /public/ -> D:\project\egg-restapi-module-tool\app\public
2019-12-03 09:30:24,259 WARN 638316 [egg-security] Please set `match` or `ignore` on sub config
2019-12-03 09:30:24,280 INFO 638316 [egg-security] use noopen middleware
2019-12-03 09:30:24,281 INFO 638316 [egg-security] use nosniff middleware
2019-12-03 09:30:24,281 INFO 638316 [egg-security] use xssProtection middleware
2019-12-03 09:30:24,282 INFO 638316 [egg-security] use xframe middleware
2019-12-03 09:30:24,282 INFO 638316 [egg-security] use dta middleware
2019-12-03 09:30:24,282 INFO 638316 [egg-security] compose 5 middlewares into one security middleware
2019-12-03 09:30:24,304 INFO 638316 [egg:core] dump config after load, 5ms
2019-12-03 09:30:24,566 INFO 638316 [egg-watcher:application] watcher start success
2019-12-03 09:30:24,572 INFO 638316 [egg-mysql] instance[0] status OK, rds currentTime: Tue Dec 03 2019 09:30:24 GMT+0800 (GMT+08:00)
2019-12-03 09:30:24,579 INFO 638316 [egg:core] dump config after ready, 6ms
2019-12-03 09:30:25,913 INFO 638532 [egg:logger] init all loggers with options: {"dir":"D:\\project\\egg-restapi-module-tool\\logs\\egg-restapi-module-tool","encoding":"utf8","env":"local","level":"INFO","consoleLevel":"INFO","disableConsoleAfterReady":false,"outputJSON":false,"buffer":true,"appLogName":"egg-restapi-module-tool-web.log","coreLogName":"egg-web.log","agentLogName":"egg-agent.log","errorLogName":"common-error.log","coreLogger":{"consoleLevel":"WARN"},"allowDebugAtProd":false,"type":"application"}
2019-12-03 09:30:25,945 INFO 638532 [egg-mysql] connecting root@localhost:3306/guess_sport
2019-12-03 09:30:26,007 INFO 638532 [egg-oauth2-server] egg-oauth2-server begin start
2019-12-03 09:30:26,009 INFO 638532 [egg-oauth2-server] egg-oauth2-server started use 2 ms
2019-12-03 09:30:26,271 INFO 638532 [egg-static] starting static serve /public/ -> D:\project\egg-restapi-module-tool\app\public
2019-12-03 09:30:26,272 WARN 638532 [egg-security] Please set `match` or `ignore` on sub config
2019-12-03 09:30:26,294 INFO 638532 [egg-security] use noopen middleware
2019-12-03 09:30:26,295 INFO 638532 [egg-security] use nosniff middleware
2019-12-03 09:30:26,295 INFO 638532 [egg-security] use xssProtection middleware
2019-12-03 09:30:26,296 INFO 638532 [egg-security] use xframe middleware
2019-12-03 09:30:26,296 INFO 638532 [egg-security] use dta middleware
2019-12-03 09:30:26,296 INFO 638532 [egg-security] compose 5 middlewares into one security middleware
2019-12-03 09:30:26,320 INFO 638532 [egg:core] dump config after load, 8ms
2019-12-03 09:30:26,692 INFO 638532 [egg-watcher:application] watcher start success
2019-12-03 09:30:26,697 INFO 638532 [egg-mysql] instance[0] status OK, rds currentTime: Tue Dec 03 2019 09:30:26 GMT+0800 (GMT+08:00)
2019-12-03 09:30:26,710 INFO 638532 [egg:core] dump config after ready, 5ms
2019-12-03 09:31:01,826 INFO 636512 [egg:logger] init all loggers with options: {"dir":"D:\\project\\egg-restapi-module-tool\\logs\\egg-restapi-module-tool","encoding":"utf8","env":"local","level":"INFO","consoleLevel":"INFO","disableConsoleAfterReady":false,"outputJSON":false,"buffer":true,"appLogName":"egg-restapi-module-tool-web.log","coreLogName":"egg-web.log","agentLogName":"egg-agent.log","errorLogName":"common-error.log","coreLogger":{"consoleLevel":"WARN"},"allowDebugAtProd":false,"type":"application"}
2019-12-03 09:31:01,849 INFO 636512 [egg-mysql] connecting root@localhost:3306/guess_sport
2019-12-03 09:31:01,892 INFO 636512 [egg-oauth2-server] egg-oauth2-server begin start
2019-12-03 09:31:01,894 INFO 636512 [egg-oauth2-server] egg-oauth2-server started use 2 ms
2019-12-03 09:31:02,345 INFO 636512 [egg-static] starting static serve /public/ -> D:\project\egg-restapi-module-tool\app\public
2019-12-03 09:31:02,346 WARN 636512 [egg-security] Please set `match` or `ignore` on sub config
2019-12-03 09:31:02,368 INFO 636512 [egg-security] use noopen middleware
2019-12-03 09:31:02,369 INFO 636512 [egg-security] use nosniff middleware
2019-12-03 09:31:02,369 INFO 636512 [egg-security] use xssProtection middleware
2019-12-03 09:31:02,370 INFO 636512 [egg-security] use xframe middleware
2019-12-03 09:31:02,370 INFO 636512 [egg-security] use dta middleware
2019-12-03 09:31:02,370 INFO 636512 [egg-security] compose 5 middlewares into one security middleware
2019-12-03 09:31:02,397 INFO 636512 [egg:core] dump config after load, 9ms
2019-12-03 09:31:02,685 INFO 636512 [egg-watcher:application] watcher start success
2019-12-03 09:31:02,689 INFO 636512 [egg-mysql] instance[0] status OK, rds currentTime: Tue Dec 03 2019 09:31:02 GMT+0800 (GMT+08:00)
2019-12-03 09:31:02,705 INFO 636512 [egg:core] dump config after ready, 9ms
2019-12-03 09:31:04,301 INFO 638504 [egg:logger] init all loggers with options: {"dir":"D:\\project\\egg-restapi-module-tool\\logs\\egg-restapi-module-tool","encoding":"utf8","env":"local","level":"INFO","consoleLevel":"INFO","disableConsoleAfterReady":false,"outputJSON":false,"buffer":true,"appLogName":"egg-restapi-module-tool-web.log","coreLogName":"egg-web.log","agentLogName":"egg-agent.log","errorLogName":"common-error.log","coreLogger":{"consoleLevel":"WARN"},"allowDebugAtProd":false,"type":"application"}
2019-12-03 09:31:04,326 INFO 638504 [egg-mysql] connecting root@localhost:3306/guess_sport
2019-12-03 09:31:04,366 INFO 638504 [egg-oauth2-server] egg-oauth2-server begin start
2019-12-03 09:31:04,367 INFO 638504 [egg-oauth2-server] egg-oauth2-server started use 1 ms
2019-12-03 09:31:04,678 INFO 638504 [egg-static] starting static serve /public/ -> D:\project\egg-restapi-module-tool\app\public
2019-12-03 09:31:04,679 WARN 638504 [egg-security] Please set `match` or `ignore` on sub config
2019-12-03 09:31:04,702 INFO 638504 [egg-security] use noopen middleware
2019-12-03 09:31:04,703 INFO 638504 [egg-security] use nosniff middleware
2019-12-03 09:31:04,703 INFO 638504 [egg-security] use xssProtection middleware
2019-12-03 09:31:04,703 INFO 638504 [egg-security] use xframe middleware
2019-12-03 09:31:04,704 INFO 638504 [egg-security] use dta middleware
2019-12-03 09:31:04,704 INFO 638504 [egg-security] compose 5 middlewares into one security middleware
2019-12-03 09:31:04,728 INFO 638504 [egg:core] dump config after load, 6ms
2019-12-03 09:31:05,086 INFO 638504 [egg-watcher:application] watcher start success
2019-12-03 09:31:05,128 INFO 638504 [egg-mysql] instance[0] status OK, rds currentTime: Tue Dec 03 2019 09:31:05 GMT+0800 (GMT+08:00)
2019-12-03 09:31:05,136 INFO 638504 [egg:core] dump config after ready, 6ms
2019-12-03 09:31:11,213 INFO 638792 [egg:logger] init all loggers with options: {"dir":"D:\\project\\egg-restapi-module-tool\\logs\\egg-restapi-module-tool","encoding":"utf8","env":"local","level":"INFO","consoleLevel":"INFO","disableConsoleAfterReady":false,"outputJSON":false,"buffer":true,"appLogName":"egg-restapi-module-tool-web.log","coreLogName":"egg-web.log","agentLogName":"egg-agent.log","errorLogName":"common-error.log","coreLogger":{"consoleLevel":"WARN"},"allowDebugAtProd":false,"type":"application"}
2019-12-03 09:31:11,238 INFO 638792 [egg-mysql] connecting root@localhost:3306/guess_sport
2019-12-03 09:31:11,276 INFO 638792 [egg-oauth2-server] egg-oauth2-server begin start
2019-12-03 09:31:11,278 INFO 638792 [egg-oauth2-server] egg-oauth2-server started use 2 ms
2019-12-03 09:31:11,607 INFO 638792 [egg-static] starting static serve /public/ -> D:\project\egg-restapi-module-tool\app\public
2019-12-03 09:31:11,608 WARN 638792 [egg-security] Please set `match` or `ignore` on sub config
2019-12-03 09:31:11,645 INFO 638792 [egg-security] use noopen middleware
2019-12-03 09:31:11,646 INFO 638792 [egg-security] use nosniff middleware
2019-12-03 09:31:11,646 INFO 638792 [egg-security] use xssProtection middleware
2019-12-03 09:31:11,647 INFO 638792 [egg-security] use xframe middleware
2019-12-03 09:31:11,647 INFO 638792 [egg-security] use dta middleware
2019-12-03 09:31:11,647 INFO 638792 [egg-security] compose 5 middlewares into one security middleware
2019-12-03 09:31:11,677 INFO 638792 [egg:core] dump config after load, 5ms
2019-12-03 09:31:12,062 INFO 638792 [egg-mysql] instance[0] status OK, rds currentTime: Tue Dec 03 2019 09:31:12 GMT+0800 (GMT+08:00)
2019-12-03 09:31:12,065 INFO 638792 [egg-watcher:application] watcher start success
2019-12-03 09:31:12,076 INFO 638792 [egg:core] dump config after ready, 7ms
2019-12-03 09:31:13,932 INFO 636348 [egg:logger] init all loggers with options: {"dir":"D:\\project\\egg-restapi-module-tool\\logs\\egg-restapi-module-tool","encoding":"utf8","env":"local","level":"INFO","consoleLevel":"INFO","disableConsoleAfterReady":false,"outputJSON":false,"buffer":true,"appLogName":"egg-restapi-module-tool-web.log","coreLogName":"egg-web.log","agentLogName":"egg-agent.log","errorLogName":"common-error.log","coreLogger":{"consoleLevel":"WARN"},"allowDebugAtProd":false,"type":"application"}
2019-12-03 09:31:13,959 INFO 636348 [egg-mysql] connecting root@localhost:3306/guess_sport
2019-12-03 09:31:14,003 INFO 636348 [egg-oauth2-server] egg-oauth2-server begin start
2019-12-03 09:31:14,004 INFO 636348 [egg-oauth2-server] egg-oauth2-server started use 1 ms
2019-12-03 09:31:14,321 INFO 636348 [egg-static] starting static serve /public/ -> D:\project\egg-restapi-module-tool\app\public
2019-12-03 09:31:14,322 WARN 636348 [egg-security] Please set `match` or `ignore` on sub config
2019-12-03 09:31:14,347 INFO 636348 [egg-security] use noopen middleware
2019-12-03 09:31:14,349 INFO 636348 [egg-security] use nosniff middleware
2019-12-03 09:31:14,349 INFO 636348 [egg-security] use xssProtection middleware
2019-12-03 09:31:14,350 INFO 636348 [egg-security] use xframe middleware
2019-12-03 09:31:14,350 INFO 636348 [egg-security] use dta middleware
2019-12-03 09:31:14,350 INFO 636348 [egg-security] compose 5 middlewares into one security middleware
2019-12-03 09:31:14,376 INFO 636348 [egg:core] dump config after load, 6ms
2019-12-03 09:31:14,690 INFO 636348 [egg-watcher:application] watcher start success
2019-12-03 09:31:14,694 INFO 636348 [egg-mysql] instance[0] status OK, rds currentTime: Tue Dec 03 2019 09:31:14 GMT+0800 (GMT+08:00)
2019-12-03 09:31:14,708 INFO 636348 [egg:core] dump config after ready, 10ms
2019-12-03 09:31:44,070 INFO 634612 [egg:logger] init all loggers with options: {"dir":"D:\\project\\egg-restapi-module-tool\\logs\\egg-restapi-module-tool","encoding":"utf8","env":"local","level":"INFO","consoleLevel":"INFO","disableConsoleAfterReady":false,"outputJSON":false,"buffer":true,"appLogName":"egg-restapi-module-tool-web.log","coreLogName":"egg-web.log","agentLogName":"egg-agent.log","errorLogName":"common-error.log","coreLogger":{"consoleLevel":"WARN"},"allowDebugAtProd":false,"type":"application"}
2019-12-03 09:31:44,096 INFO 634612 [egg-mysql] connecting root@localhost:3306/guess_sport
2019-12-03 09:31:44,146 INFO 634612 [egg-oauth2-server] egg-oauth2-server begin start
2019-12-03 09:31:44,148 INFO 634612 [egg-oauth2-server] egg-oauth2-server started use 2 ms
2019-12-03 09:31:44,564 INFO 634612 [egg-static] starting static serve /public/ -> D:\project\egg-restapi-module-tool\app\public
2019-12-03 09:31:44,567 WARN 634612 [egg-security] Please set `match` or `ignore` on sub config
2019-12-03 09:31:44,593 INFO 634612 [egg-security] use noopen middleware
2019-12-03 09:31:44,594 INFO 634612 [egg-security] use nosniff middleware
2019-12-03 09:31:44,594 INFO 634612 [egg-security] use xssProtection middleware
2019-12-03 09:31:44,594 INFO 634612 [egg-security] use xframe middleware
2019-12-03 09:31:44,595 INFO 634612 [egg-security] use dta middleware
2019-12-03 09:31:44,595 INFO 634612 [egg-security] compose 5 middlewares into one security middleware
2019-12-03 09:31:44,626 INFO 634612 [egg:core] dump config after load, 11ms
2019-12-03 09:31:45,159 INFO 634612 [egg-watcher:application] watcher start success
2019-12-03 09:31:45,168 INFO 634612 [egg-mysql] instance[0] status OK, rds currentTime: Tue Dec 03 2019 09:31:45 GMT+0800 (GMT+08:00)
2019-12-03 09:31:45,184 INFO 634612 [egg:core] dump config after ready, 12ms
2019-12-03 09:31:47,240 INFO 638212 [egg:logger] init all loggers with options: {"dir":"D:\\project\\egg-restapi-module-tool\\logs\\egg-restapi-module-tool","encoding":"utf8","env":"local","level":"INFO","consoleLevel":"INFO","disableConsoleAfterReady":false,"outputJSON":false,"buffer":true,"appLogName":"egg-restapi-module-tool-web.log","coreLogName":"egg-web.log","agentLogName":"egg-agent.log","errorLogName":"common-error.log","coreLogger":{"consoleLevel":"WARN"},"allowDebugAtProd":false,"type":"application"}
2019-12-03 09:31:47,267 INFO 638212 [egg-mysql] connecting root@localhost:3306/guess_sport
2019-12-03 09:31:47,324 INFO 638212 [egg-oauth2-server] egg-oauth2-server begin start
2019-12-03 09:31:47,326 INFO 638212 [egg-oauth2-server] egg-oauth2-server started use 2 ms
2019-12-03 09:31:47,583 INFO 638212 [egg-static] starting static serve /public/ -> D:\project\egg-restapi-module-tool\app\public
2019-12-03 09:31:47,584 WARN 638212 [egg-security] Please set `match` or `ignore` on sub config
2019-12-03 09:31:47,608 INFO 638212 [egg-security] use noopen middleware
2019-12-03 09:31:47,608 INFO 638212 [egg-security] use nosniff middleware
2019-12-03 09:31:47,609 INFO 638212 [egg-security] use xssProtection middleware
2019-12-03 09:31:47,609 INFO 638212 [egg-security] use xframe middleware
2019-12-03 09:31:47,609 INFO 638212 [egg-security] use dta middleware
2019-12-03 09:31:47,609 INFO 638212 [egg-security] compose 5 middlewares into one security middleware
2019-12-03 09:31:47,639 INFO 638212 [egg:core] dump config after load, 11ms
2019-12-03 09:31:48,004 INFO 638212 [egg-watcher:application] watcher start success
2019-12-03 09:31:48,010 INFO 638212 [egg-mysql] instance[0] status OK, rds currentTime: Tue Dec 03 2019 09:31:48 GMT+0800 (GMT+08:00)
2019-12-03 09:31:48,023 INFO 638212 [egg:core] dump config after ready, 6ms
2019-12-03 09:32:29,915 INFO 638132 [egg:logger] init all loggers with options: {"dir":"D:\\project\\egg-restapi-module-tool\\logs\\egg-restapi-module-tool","encoding":"utf8","env":"local","level":"INFO","consoleLevel":"INFO","disableConsoleAfterReady":false,"outputJSON":false,"buffer":true,"appLogName":"egg-restapi-module-tool-web.log","coreLogName":"egg-web.log","agentLogName":"egg-agent.log","errorLogName":"common-error.log","coreLogger":{"consoleLevel":"WARN"},"allowDebugAtProd":false,"type":"application"}
2019-12-03 09:32:29,941 INFO 638132 [egg-mysql] connecting root@localhost:3306/guess_sport
2019-12-03 09:32:29,986 INFO 638132 [egg-oauth2-server] egg-oauth2-server begin start
2019-12-03 09:32:29,987 INFO 638132 [egg-oauth2-server] egg-oauth2-server started use 1 ms
2019-12-03 09:32:30,219 INFO 638132 [egg-static] starting static serve /public/ -> D:\project\egg-restapi-module-tool\app\public
2019-12-03 09:32:30,220 WARN 638132 [egg-security] Please set `match` or `ignore` on sub config
2019-12-03 09:32:30,243 INFO 638132 [egg-security] use noopen middleware
2019-12-03 09:32:30,244 INFO 638132 [egg-security] use nosniff middleware
2019-12-03 09:32:30,244 INFO 638132 [egg-security] use xssProtection middleware
2019-12-03 09:32:30,245 INFO 638132 [egg-security] use xframe middleware
2019-12-03 09:32:30,245 INFO 638132 [egg-security] use dta middleware
2019-12-03 09:32:30,245 INFO 638132 [egg-security] compose 5 middlewares into one security middleware
2019-12-03 09:32:30,272 INFO 638132 [egg:core] dump config after load, 5ms
2019-12-03 09:32:30,577 INFO 638132 [egg-watcher:application] watcher start success
2019-12-03 09:32:30,580 INFO 638132 [egg-mysql] instance[0] status OK, rds currentTime: Tue Dec 03 2019 09:32:30 GMT+0800 (GMT+08:00)
2019-12-03 09:32:30,593 INFO 638132 [egg:core] dump config after ready, 5ms
2019-12-03 09:32:32,206 INFO 637344 [egg:logger] init all loggers with options: {"dir":"D:\\project\\egg-restapi-module-tool\\logs\\egg-restapi-module-tool","encoding":"utf8","env":"local","level":"INFO","consoleLevel":"INFO","disableConsoleAfterReady":false,"outputJSON":false,"buffer":true,"appLogName":"egg-restapi-module-tool-web.log","coreLogName":"egg-web.log","agentLogName":"egg-agent.log","errorLogName":"common-error.log","coreLogger":{"consoleLevel":"WARN"},"allowDebugAtProd":false,"type":"application"}
2019-12-03 09:32:32,228 INFO 637344 [egg-mysql] connecting root@localhost:3306/guess_sport
2019-12-03 09:32:32,301 INFO 637344 [egg-oauth2-server] egg-oauth2-server begin start
2019-12-03 09:32:32,304 INFO 637344 [egg-oauth2-server] egg-oauth2-server started use 3 ms
2019-12-03 09:32:32,803 INFO 637344 [egg-static] starting static serve /public/ -> D:\project\egg-restapi-module-tool\app\public
2019-12-03 09:32:32,804 WARN 637344 [egg-security] Please set `match` or `ignore` on sub config
2019-12-03 09:32:32,831 INFO 637344 [egg-security] use noopen middleware
2019-12-03 09:32:32,832 INFO 637344 [egg-security] use nosniff middleware
2019-12-03 09:32:32,832 INFO 637344 [egg-security] use xssProtection middleware
2019-12-03 09:32:32,833 INFO 637344 [egg-security] use xframe middleware
2019-12-03 09:32:32,834 INFO 637344 [egg-security] use dta middleware
2019-12-03 09:32:32,834 INFO 637344 [egg-security] compose 5 middlewares into one security middleware
2019-12-03 09:32:32,868 INFO 637344 [egg:core] dump config after load, 8ms
2019-12-03 09:32:33,238 INFO 637344 [egg-watcher:application] watcher start success
2019-12-03 09:32:33,269 INFO 637344 [egg-mysql] instance[0] status OK, rds currentTime: Tue Dec 03 2019 09:32:33 GMT+0800 (GMT+08:00)
2019-12-03 09:32:33,278 INFO 637344 [egg:core] dump config after ready, 5ms
2019-12-03 09:42:09,954 INFO 631660 [egg:logger] init all loggers with options: {"dir":"D:\\project\\egg-restapi-module-tool\\logs\\egg-restapi-module-tool","encoding":"utf8","env":"local","level":"INFO","consoleLevel":"INFO","disableConsoleAfterReady":false,"outputJSON":false,"buffer":true,"appLogName":"egg-restapi-module-tool-web.log","coreLogName":"egg-web.log","agentLogName":"egg-agent.log","errorLogName":"common-error.log","coreLogger":{"consoleLevel":"WARN"},"allowDebugAtProd":false,"type":"application"}
2019-12-03 09:42:09,978 INFO 631660 [egg-mysql] connecting root@localhost:3306/guess_sport
2019-12-03 09:42:10,021 INFO 631660 [egg-oauth2-server] egg-oauth2-server begin start
2019-12-03 09:42:10,023 INFO 631660 [egg-oauth2-server] egg-oauth2-server started use 2 ms
2019-12-03 09:42:10,842 INFO 631660 [egg-static] starting static serve /public/ -> D:\project\egg-restapi-module-tool\app\public
2019-12-03 09:42:10,844 WARN 631660 [egg-security] Please set `match` or `ignore` on sub config
2019-12-03 09:42:10,903 INFO 631660 [egg-security] use noopen middleware
2019-12-03 09:42:10,905 INFO 631660 [egg-security] use nosniff middleware
2019-12-03 09:42:10,906 INFO 631660 [egg-security] use xssProtection middleware
2019-12-03 09:42:10,906 INFO 631660 [egg-security] use xframe middleware
2019-12-03 09:42:10,907 INFO 631660 [egg-security] use dta middleware
2019-12-03 09:42:10,907 INFO 631660 [egg-security] compose 5 middlewares into one security middleware
2019-12-03 09:42:10,939 INFO 631660 [egg:core] dump config after load, 11ms
2019-12-03 09:42:11,210 INFO 631660 [egg-watcher:application] watcher start success
2019-12-03 09:42:11,213 INFO 631660 [egg-mysql] instance[0] status OK, rds currentTime: Tue Dec 03 2019 09:42:11 GMT+0800 (GMT+08:00)
2019-12-03 09:42:11,240 INFO 631660 [egg:core] dump config after ready, 23ms
2019-12-03 09:42:12,972 INFO 639316 [egg:logger] init all loggers with options: {"dir":"D:\\project\\egg-restapi-module-tool\\logs\\egg-restapi-module-tool","encoding":"utf8","env":"local","level":"INFO","consoleLevel":"INFO","disableConsoleAfterReady":false,"outputJSON":false,"buffer":true,"appLogName":"egg-restapi-module-tool-web.log","coreLogName":"egg-web.log","agentLogName":"egg-agent.log","errorLogName":"common-error.log","coreLogger":{"consoleLevel":"WARN"},"allowDebugAtProd":false,"type":"application"}
2019-12-03 09:42:13,009 INFO 639316 [egg-mysql] connecting root@localhost:3306/guess_sport
2019-12-03 09:42:13,056 INFO 639316 [egg-oauth2-server] egg-oauth2-server begin start
2019-12-03 09:42:13,058 INFO 639316 [egg-oauth2-server] egg-oauth2-server started use 2 ms
2019-12-03 09:42:13,272 INFO 639316 [egg-static] starting static serve /public/ -> D:\project\egg-restapi-module-tool\app\public
2019-12-03 09:42:13,273 WARN 639316 [egg-security] Please set `match` or `ignore` on sub config
2019-12-03 09:42:13,294 INFO 639316 [egg-security] use noopen middleware
2019-12-03 09:42:13,294 INFO 639316 [egg-security] use nosniff middleware
2019-12-03 09:42:13,294 INFO 639316 [egg-security] use xssProtection middleware
2019-12-03 09:42:13,295 INFO 639316 [egg-security] use xframe middleware
2019-12-03 09:42:13,295 INFO 639316 [egg-security] use dta middleware
2019-12-03 09:42:13,295 INFO 639316 [egg-security] compose 5 middlewares into one security middleware
2019-12-03 09:42:13,320 INFO 639316 [egg:core] dump config after load, 7ms
2019-12-03 09:42:13,691 INFO 639316 [egg-watcher:application] watcher start success
2019-12-03 09:42:13,699 INFO 639316 [egg-mysql] instance[0] status OK, rds currentTime: Tue Dec 03 2019 09:42:13 GMT+0800 (GMT+08:00)
2019-12-03 09:42:13,708 INFO 639316 [egg:core] dump config after ready, 7ms
2019-12-03 09:52:51,825 INFO 634616 [egg:logger] init all loggers with options: {"dir":"D:\\project\\egg-restapi-module-tool\\logs\\egg-restapi-module-tool","encoding":"utf8","env":"local","level":"INFO","consoleLevel":"INFO","disableConsoleAfterReady":false,"outputJSON":false,"buffer":true,"appLogName":"egg-restapi-module-tool-web.log","coreLogName":"egg-web.log","agentLogName":"egg-agent.log","errorLogName":"common-error.log","coreLogger":{"consoleLevel":"WARN"},"allowDebugAtProd":false,"type":"application"}
2019-12-03 09:52:51,848 INFO 634616 [egg-mysql] connecting root@localhost:3306/guess_sport
2019-12-03 09:52:51,888 INFO 634616 [egg-oauth2-server] egg-oauth2-server begin start
2019-12-03 09:52:51,890 INFO 634616 [egg-oauth2-server] egg-oauth2-server started use 2 ms
2019-12-03 09:52:52,168 INFO 634616 [egg-static] starting static serve /public/ -> D:\project\egg-restapi-module-tool\app\public
2019-12-03 09:52:52,169 WARN 634616 [egg-security] Please set `match` or `ignore` on sub config
2019-12-03 09:52:52,189 INFO 634616 [egg-security] use noopen middleware
2019-12-03 09:52:52,190 INFO 634616 [egg-security] use nosniff middleware
2019-12-03 09:52:52,190 INFO 634616 [egg-security] use xssProtection middleware
2019-12-03 09:52:52,190 INFO 634616 [egg-security] use xframe middleware
2019-12-03 09:52:52,191 INFO 634616 [egg-security] use dta middleware
2019-12-03 09:52:52,191 INFO 634616 [egg-security] compose 5 middlewares into one security middleware
2019-12-03 09:52:52,214 INFO 634616 [egg:core] dump config after load, 5ms
2019-12-03 09:52:52,574 INFO 634616 [egg-watcher:application] watcher start success
2019-12-03 09:52:52,577 INFO 634616 [egg-mysql] instance[0] status OK, rds currentTime: Tue Dec 03 2019 09:52:52 GMT+0800 (GMT+08:00)
2019-12-03 09:52:52,596 INFO 634616 [egg:core] dump config after ready, 12ms
2019-12-03 09:52:54,157 INFO 633180 [egg:logger] init all loggers with options: {"dir":"D:\\project\\egg-restapi-module-tool\\logs\\egg-restapi-module-tool","encoding":"utf8","env":"local","level":"INFO","consoleLevel":"INFO","disableConsoleAfterReady":false,"outputJSON":false,"buffer":true,"appLogName":"egg-restapi-module-tool-web.log","coreLogName":"egg-web.log","agentLogName":"egg-agent.log","errorLogName":"common-error.log","coreLogger":{"consoleLevel":"WARN"},"allowDebugAtProd":false,"type":"application"}
2019-12-03 09:52:54,181 INFO 633180 [egg-mysql] connecting root@localhost:3306/guess_sport
2019-12-03 09:52:54,221 INFO 633180 [egg-oauth2-server] egg-oauth2-server begin start
2019-12-03 09:52:54,222 INFO 633180 [egg-oauth2-server] egg-oauth2-server started use 1 ms
2019-12-03 09:52:54,563 INFO 633180 [egg-static] starting static serve /public/ -> D:\project\egg-restapi-module-tool\app\public
2019-12-03 09:52:54,564 WARN 633180 [egg-security] Please set `match` or `ignore` on sub config
2019-12-03 09:52:54,587 INFO 633180 [egg-security] use noopen middleware
2019-12-03 09:52:54,588 INFO 633180 [egg-security] use nosniff middleware
2019-12-03 09:52:54,588 INFO 633180 [egg-security] use xssProtection middleware
2019-12-03 09:52:54,589 INFO 633180 [egg-security] use xframe middleware
2019-12-03 09:52:54,589 INFO 633180 [egg-security] use dta middleware
2019-12-03 09:52:54,589 INFO 633180 [egg-security] compose 5 middlewares into one security middleware
2019-12-03 09:52:54,615 INFO 633180 [egg:core] dump config after load, 8ms
2019-12-03 09:52:54,942 INFO 633180 [egg-watcher:application] watcher start success
2019-12-03 09:52:54,945 INFO 633180 [egg-mysql] instance[0] status OK, rds currentTime: Tue Dec 03 2019 09:52:54 GMT+0800 (GMT+08:00)
2019-12-03 09:52:54,957 INFO 633180 [egg:core] dump config after ready, 7ms
2019-12-03 09:57:20,940 INFO 639024 [egg:logger] init all loggers with options: {"dir":"D:\\project\\egg-restapi-module-tool\\logs\\egg-restapi-module-tool","encoding":"utf8","env":"local","level":"INFO","consoleLevel":"INFO","disableConsoleAfterReady":false,"outputJSON":false,"buffer":true,"appLogName":"egg-restapi-module-tool-web.log","coreLogName":"egg-web.log","agentLogName":"egg-agent.log","errorLogName":"common-error.log","coreLogger":{"consoleLevel":"WARN"},"allowDebugAtProd":false,"type":"application"}
2019-12-03 09:57:20,974 INFO 639024 [egg-mysql] connecting root@localhost:3306/guess_sport
2019-12-03 09:57:21,028 INFO 639024 [egg-oauth2-server] egg-oauth2-server begin start
2019-12-03 09:57:21,030 INFO 639024 [egg-oauth2-server] egg-oauth2-server started use 2 ms
2019-12-03 09:57:21,355 INFO 639024 [egg-static] starting static serve /public/ -> D:\project\egg-restapi-module-tool\app\public
2019-12-03 09:57:21,356 WARN 639024 [egg-security] Please set `match` or `ignore` on sub config
2019-12-03 09:57:21,380 INFO 639024 [egg-security] use noopen middleware
2019-12-03 09:57:21,381 INFO 639024 [egg-security] use nosniff middleware
2019-12-03 09:57:21,381 INFO 639024 [egg-security] use xssProtection middleware
2019-12-03 09:57:21,382 INFO 639024 [egg-security] use xframe middleware
2019-12-03 09:57:21,382 INFO 639024 [egg-security] use dta middleware
2019-12-03 09:57:21,382 INFO 639024 [egg-security] compose 5 middlewares into one security middleware
2019-12-03 09:57:21,413 INFO 639024 [egg:core] dump config after load, 7ms
2019-12-03 09:57:21,738 INFO 639024 [egg-watcher:application] watcher start success
2019-12-03 09:57:21,740 INFO 639024 [egg-mysql] instance[0] status OK, rds currentTime: Tue Dec 03 2019 09:57:21 GMT+0800 (GMT+08:00)
2019-12-03 09:57:21,749 INFO 639024 [egg:core] dump config after ready, 7ms
